Grammar

    0 $accept: Program $end

    1 Program: ProgramElementList

    2 ProgramElementList: ProgramElement ProgramElementList
    3                   | %empty

    4 ProgramElement: VarDeclStmt
    5               | StructDef
    6               | FnDeclStmt
    7               | FnDef
    8               | SEMICOLON

    9 ArithExpr: ArithExpr ADD ArithExpr
   10          | ArithExpr SUB ArithExpr
   11          | ArithExpr MUL ArithExpr
   12          | ArithExpr DIV ArithExpr
   13          | ExprUnit

   14 ArrayExpr: LeftVal LSB ID RSB
   15          | LeftVal LSB NUM RSB

   16 ExprUnit: NUM
   17         | ID
   18         | LP ArithExpr RP
   19         | FnCall
   20         | ArrayExpr
   21         | LeftVal DOT ID
   22         | SUB ExprUnit

   23 BoolExpr: BoolExpr AND BoolExpr
   24         | BoolExpr OR BoolExpr
   25         | BoolUnit

   26 BoolUnit: ExprUnit LT ExprUnit
   27         | ExprUnit LE ExprUnit
   28         | ExprUnit GT ExprUnit
   29         | ExprUnit GE ExprUnit
   30         | ExprUnit EQ ExprUnit
   31         | ExprUnit NE ExprUnit
   32         | LP BoolExpr RP
   33         | NOT BoolUnit

   34 AssignStmt: LeftVal AS RightVal SEMICOLON

   35 LeftVal: ID
   36        | ArrayExpr
   37        | LeftVal DOT ID

   38 RightVal: ArithExpr
   39         | BoolExpr

   40 RightValList: RightVal RightValRestList
   41             | %empty

   42 RightValRestList: RightValRest RightValRestList
   43                 | %empty

   44 RightValRest: COMMA RightVal

   45 FnCall: ID LP RightValList RP

   46 VarDeclStmt: LET VarDecl SEMICOLON
   47            | LET VarDef SEMICOLON

   48 VarDecl: ID COLON Type
   49        | ID
   50        | ID LSB NUM RSB COLON Type
   51        | ID LSB NUM RSB

   52 VarDef: ID COLON Type AS RightVal
   53       | ID AS RightVal
   54       | ID LSB NUM RSB COLON Type AS LB RightValList RB
   55       | ID LSB NUM RSB AS LB RightValList RB

   56 Type: INT
   57     | ID

   58 VarDeclList: VarDecl VarDeclRestList
   59            | %empty

   60 VarDeclRestList: VarDeclRest VarDeclRestList
   61                | %empty

   62 VarDeclRest: COMMA VarDecl

   63 StructDef: STRUCT ID LB VarDeclList RB

   64 ParamDecl: VarDeclList

   65 FnDecl: FN ID LP ParamDecl RP
   66       | FN ID LP ParamDecl RP ARROW Type

   67 FnDeclStmt: FnDecl SEMICOLON

   68 ReturnStmt: RETURN RightVal SEMICOLON
   69           | RETURN SEMICOLON

   70 FnDef: FnDecl CodeBlock

   71 CodeBlockStmt: VarDeclStmt
   72              | AssignStmt
   73              | CallStmt
   74              | IfStmt
   75              | WhileStmt
   76              | ReturnStmt
   77              | CONTINUE SEMICOLON
   78              | BREAK SEMICOLON
   79              | SEMICOLON

   80 CodeBlockStmtList: CodeBlockStmt CodeBlockStmtList
   81                  | %empty

   82 CodeBlock: LB CodeBlockStmtList RB

   83 CallStmt: FnCall SEMICOLON

   84 IfStmt: IF LP BoolExpr RP CodeBlock
   85       | IF LP BoolExpr RP CodeBlock ELSE CodeBlock

   86 WhileStmt: WHILE LP BoolExpr RP CodeBlock


Terminals, with rules where they appear

    $end (0) 0
    error (256)
    ID <tokenId> (258) 14 17 21 35 37 45 48 49 50 51 52 53 54 55 57 63 65 66
    NUM <tokenNum> (259) 15 16 50 51 54 55
    INT <pos> (260) 56
    LET <pos> (261) 46 47
    STRUCT <pos> (262) 63
    FN <pos> (263) 65 66
    IF <pos> (264) 84 85
    ELSE <pos> (265) 85
    WHILE <pos> (266) 86
    DOT <pos> (267) 21 37
    CONTINUE <pos> (268) 77
    BREAK <pos> (269) 78
    RETURN <pos> (270) 68 69
    SEMICOLON <pos> (271) 8 34 46 47 67 68 69 77 78 79 83
    COMMA <pos> (272) 44 62
    COLON <pos> (273) 48 50 52 54
    ARROW <pos> (274) 66
    ADD <pos> (275) 9
    SUB <pos> (276) 10 22
    MUL <pos> (277) 11
    DIV <pos> (278) 12
    OR <pos> (279) 24
    AND <pos> (280) 23
    LT <pos> (281) 26
    LE <pos> (282) 27
    GT <pos> (283) 28
    GE <pos> (284) 29
    EQ <pos> (285) 30
    NE <pos> (286) 31
    NOT <pos> (287) 33
    LP <pos> (288) 18 32 45 65 66 84 85 86
    RP <pos> (289) 18 32 45 65 66 84 85 86
    LB <pos> (290) 54 55 63 82
    RB <pos> (291) 54 55 63 82
    LSB <pos> (292) 14 15 50 51 54 55
    RSB <pos> (293) 14 15 50 51 54 55
    AS <pos> (294) 34 52 53 54 55
    NEG (295)


Nonterminals, with rules where they appear

    $accept (41)
        on left: 0
    Program <program> (42)
        on left: 1
        on right: 0
    ProgramElementList <programElementList> (43)
        on left: 2 3
        on right: 1 2
    ProgramElement <programElement> (44)
        on left: 4 5 6 7 8
        on right: 2
    ArithExpr <arithExpr> (45)
        on left: 9 10 11 12 13
        on right: 9 10 11 12 18 38
    ArrayExpr <arrayExpr> (46)
        on left: 14 15
        on right: 20 36
    ExprUnit <exprUnit> (47)
        on left: 16 17 18 19 20 21 22
        on right: 13 22 26 27 28 29 30 31
    BoolExpr <boolExpr> (48)
        on left: 23 24 25
        on right: 23 24 32 39 84 85 86
    BoolUnit <boolUnit> (49)
        on left: 26 27 28 29 30 31 32 33
        on right: 25 33
    AssignStmt <assignStmt> (50)
        on left: 34
        on right: 72
    LeftVal <leftVal> (51)
        on left: 35 36 37
        on right: 14 15 21 34 37
    RightVal <rightVal> (52)
        on left: 38 39
        on right: 34 40 44 52 53 68
    RightValList <rightValList> (53)
        on left: 40 41
        on right: 45 54 55
    RightValRestList <rightValList> (54)
        on left: 42 43
        on right: 40 42
    RightValRest <rightVal> (55)
        on left: 44
        on right: 42
    FnCall <fnCall> (56)
        on left: 45
        on right: 19 83
    VarDeclStmt <varDeclStmt> (57)
        on left: 46 47
        on right: 4 71
    VarDecl <varDecl> (58)
        on left: 48 49 50 51
        on right: 46 58 62
    VarDef <varDef> (59)
        on left: 52 53 54 55
        on right: 47
    Type <type> (60)
        on left: 56 57
        on right: 48 50 52 54 66
    VarDeclList <varDeclList> (61)
        on left: 58 59
        on right: 63 64
    VarDeclRestList <varDeclList> (62)
        on left: 60 61
        on right: 58 60
    VarDeclRest <varDecl> (63)
        on left: 62
        on right: 60
    StructDef <structDef> (64)
        on left: 63
        on right: 5
    ParamDecl <paramDecl> (65)
        on left: 64
        on right: 65 66
    FnDecl <fnDecl> (66)
        on left: 65 66
        on right: 67 70
    FnDeclStmt <fnDeclStmt> (67)
        on left: 67
        on right: 6
    ReturnStmt <returnStmt> (68)
        on left: 68 69
        on right: 76
    FnDef <fnDef> (69)
        on left: 70
        on right: 7
    CodeBlockStmt <codeBlockStmt> (70)
        on left: 71 72 73 74 75 76 77 78 79
        on right: 80
    CodeBlockStmtList <codeBlockStmtList> (71)
        on left: 80 81
        on right: 80 82
    CodeBlock <codeBlockStmtList> (72)
        on left: 82
        on right: 70 84 85 86
    CallStmt <callStmt> (73)
        on left: 83
        on right: 73
    IfStmt <ifStmt> (74)
        on left: 84 85
        on right: 74
    WhileStmt <whileStmt> (75)
        on left: 86
        on right: 75


State 0

    0 $accept: . Program $end

    LET        shift, and go to state 1
    STRUCT     shift, and go to state 2
    FN         shift, and go to state 3
    SEMICOLON  shift, and go to state 4

    $default  reduce using rule 3 (ProgramElementList)

    Program             go to state 5
    ProgramElementList  go to state 6
    ProgramElement      go to state 7
    VarDeclStmt         go to state 8
    StructDef           go to state 9
    FnDecl              go to state 10
    FnDeclStmt          go to state 11
    FnDef               go to state 12


State 1

   46 VarDeclStmt: LET . VarDecl SEMICOLON
   47            | LET . VarDef SEMICOLON

    ID  shift, and go to state 13

    VarDecl  go to state 14
    VarDef   go to state 15


State 2

   63 StructDef: STRUCT . ID LB VarDeclList RB

    ID  shift, and go to state 16


State 3

   65 FnDecl: FN . ID LP ParamDecl RP
   66       | FN . ID LP ParamDecl RP ARROW Type

    ID  shift, and go to state 17


State 4

    8 ProgramElement: SEMICOLON .

    $default  reduce using rule 8 (ProgramElement)


State 5

    0 $accept: Program . $end

    $end  shift, and go to state 18


State 6

    1 Program: ProgramElementList .

    $default  reduce using rule 1 (Program)


State 7

    2 ProgramElementList: ProgramElement . ProgramElementList

    LET        shift, and go to state 1
    STRUCT     shift, and go to state 2
    FN         shift, and go to state 3
    SEMICOLON  shift, and go to state 4

    $default  reduce using rule 3 (ProgramElementList)

    ProgramElementList  go to state 19
    ProgramElement      go to state 7
    VarDeclStmt         go to state 8
    StructDef           go to state 9
    FnDecl              go to state 10
    FnDeclStmt          go to state 11
    FnDef               go to state 12


State 8

    4 ProgramElement: VarDeclStmt .

    $default  reduce using rule 4 (ProgramElement)


State 9

    5 ProgramElement: StructDef .

    $default  reduce using rule 5 (ProgramElement)


State 10

   67 FnDeclStmt: FnDecl . SEMICOLON
   70 FnDef: FnDecl . CodeBlock

    SEMICOLON  shift, and go to state 20
    LB         shift, and go to state 21

    CodeBlock  go to state 22


State 11

    6 ProgramElement: FnDeclStmt .

    $default  reduce using rule 6 (ProgramElement)


State 12

    7 ProgramElement: FnDef .

    $default  reduce using rule 7 (ProgramElement)


State 13

   48 VarDecl: ID . COLON Type
   49        | ID .
   50        | ID . LSB NUM RSB COLON Type
   51        | ID . LSB NUM RSB
   52 VarDef: ID . COLON Type AS RightVal
   53       | ID . AS RightVal
   54       | ID . LSB NUM RSB COLON Type AS LB RightValList RB
   55       | ID . LSB NUM RSB AS LB RightValList RB

    COLON  shift, and go to state 23
    LSB    shift, and go to state 24
    AS     shift, and go to state 25

    $default  reduce using rule 49 (VarDecl)


State 14

   46 VarDeclStmt: LET VarDecl . SEMICOLON

    SEMICOLON  shift, and go to state 26


State 15

   47 VarDeclStmt: LET VarDef . SEMICOLON

    SEMICOLON  shift, and go to state 27


State 16

   63 StructDef: STRUCT ID . LB VarDeclList RB

    LB  shift, and go to state 28


State 17

   65 FnDecl: FN ID . LP ParamDecl RP
   66       | FN ID . LP ParamDecl RP ARROW Type

    LP  shift, and go to state 29


State 18

    0 $accept: Program $end .

    $default  accept


State 19

    2 ProgramElementList: ProgramElement ProgramElementList .

    $default  reduce using rule 2 (ProgramElementList)


State 20

   67 FnDeclStmt: FnDecl SEMICOLON .

    $default  reduce using rule 67 (FnDeclStmt)


State 21

   82 CodeBlock: LB . CodeBlockStmtList RB

    ID         shift, and go to state 30
    LET        shift, and go to state 1
    IF         shift, and go to state 31
    WHILE      shift, and go to state 32
    CONTINUE   shift, and go to state 33
    BREAK      shift, and go to state 34
    RETURN     shift, and go to state 35
    SEMICOLON  shift, and go to state 36

    $default  reduce using rule 81 (CodeBlockStmtList)

    ArrayExpr          go to state 37
    AssignStmt         go to state 38
    LeftVal            go to state 39
    FnCall             go to state 40
    VarDeclStmt        go to state 41
    ReturnStmt         go to state 42
    CodeBlockStmt      go to state 43
    CodeBlockStmtList  go to state 44
    CallStmt           go to state 45
    IfStmt             go to state 46
    WhileStmt          go to state 47


State 22

   70 FnDef: FnDecl CodeBlock .

    $default  reduce using rule 70 (FnDef)


State 23

   48 VarDecl: ID COLON . Type
   52 VarDef: ID COLON . Type AS RightVal

    ID   shift, and go to state 48
    INT  shift, and go to state 49

    Type  go to state 50


State 24

   50 VarDecl: ID LSB . NUM RSB COLON Type
   51        | ID LSB . NUM RSB
   54 VarDef: ID LSB . NUM RSB COLON Type AS LB RightValList RB
   55       | ID LSB . NUM RSB AS LB RightValList RB

    NUM  shift, and go to state 51


State 25

   53 VarDef: ID AS . RightVal

    ID   shift, and go to state 52
    NUM  shift, and go to state 53
    SUB  shift, and go to state 54
    NOT  shift, and go to state 55
    LP   shift, and go to state 56

    ArithExpr  go to state 57
    ArrayExpr  go to state 58
    ExprUnit   go to state 59
    BoolExpr   go to state 60
    BoolUnit   go to state 61
    LeftVal    go to state 62
    RightVal   go to state 63
    FnCall     go to state 64


State 26

   46 VarDeclStmt: LET VarDecl SEMICOLON .

    $default  reduce using rule 46 (VarDeclStmt)


State 27

   47 VarDeclStmt: LET VarDef SEMICOLON .

    $default  reduce using rule 47 (VarDeclStmt)


State 28

   63 StructDef: STRUCT ID LB . VarDeclList RB

    ID  shift, and go to state 65

    $default  reduce using rule 59 (VarDeclList)

    VarDecl      go to state 66
    VarDeclList  go to state 67


State 29

   65 FnDecl: FN ID LP . ParamDecl RP
   66       | FN ID LP . ParamDecl RP ARROW Type

    ID  shift, and go to state 65

    $default  reduce using rule 59 (VarDeclList)

    VarDecl      go to state 66
    VarDeclList  go to state 68
    ParamDecl    go to state 69


State 30

   35 LeftVal: ID .
   45 FnCall: ID . LP RightValList RP

    LP  shift, and go to state 70

    $default  reduce using rule 35 (LeftVal)


State 31

   84 IfStmt: IF . LP BoolExpr RP CodeBlock
   85       | IF . LP BoolExpr RP CodeBlock ELSE CodeBlock

    LP  shift, and go to state 71


State 32

   86 WhileStmt: WHILE . LP BoolExpr RP CodeBlock

    LP  shift, and go to state 72


State 33

   77 CodeBlockStmt: CONTINUE . SEMICOLON

    SEMICOLON  shift, and go to state 73


State 34

   78 CodeBlockStmt: BREAK . SEMICOLON

    SEMICOLON  shift, and go to state 74


State 35

   68 ReturnStmt: RETURN . RightVal SEMICOLON
   69           | RETURN . SEMICOLON

    ID         shift, and go to state 52
    NUM        shift, and go to state 53
    SEMICOLON  shift, and go to state 75
    SUB        shift, and go to state 54
    NOT        shift, and go to state 55
    LP         shift, and go to state 56

    ArithExpr  go to state 57
    ArrayExpr  go to state 58
    ExprUnit   go to state 59
    BoolExpr   go to state 60
    BoolUnit   go to state 61
    LeftVal    go to state 62
    RightVal   go to state 76
    FnCall     go to state 64


State 36

   79 CodeBlockStmt: SEMICOLON .

    $default  reduce using rule 79 (CodeBlockStmt)


State 37

   36 LeftVal: ArrayExpr .

    $default  reduce using rule 36 (LeftVal)


State 38

   72 CodeBlockStmt: AssignStmt .

    $default  reduce using rule 72 (CodeBlockStmt)


State 39

   14 ArrayExpr: LeftVal . LSB ID RSB
   15          | LeftVal . LSB NUM RSB
   34 AssignStmt: LeftVal . AS RightVal SEMICOLON
   37 LeftVal: LeftVal . DOT ID

    DOT  shift, and go to state 77
    LSB  shift, and go to state 78
    AS   shift, and go to state 79


State 40

   83 CallStmt: FnCall . SEMICOLON

    SEMICOLON  shift, and go to state 80


State 41

   71 CodeBlockStmt: VarDeclStmt .

    $default  reduce using rule 71 (CodeBlockStmt)


State 42

   76 CodeBlockStmt: ReturnStmt .

    $default  reduce using rule 76 (CodeBlockStmt)


State 43

   80 CodeBlockStmtList: CodeBlockStmt . CodeBlockStmtList

    ID         shift, and go to state 30
    LET        shift, and go to state 1
    IF         shift, and go to state 31
    WHILE      shift, and go to state 32
    CONTINUE   shift, and go to state 33
    BREAK      shift, and go to state 34
    RETURN     shift, and go to state 35
    SEMICOLON  shift, and go to state 36

    $default  reduce using rule 81 (CodeBlockStmtList)

    ArrayExpr          go to state 37
    AssignStmt         go to state 38
    LeftVal            go to state 39
    FnCall             go to state 40
    VarDeclStmt        go to state 41
    ReturnStmt         go to state 42
    CodeBlockStmt      go to state 43
    CodeBlockStmtList  go to state 81
    CallStmt           go to state 45
    IfStmt             go to state 46
    WhileStmt          go to state 47


State 44

   82 CodeBlock: LB CodeBlockStmtList . RB

    RB  shift, and go to state 82


State 45

   73 CodeBlockStmt: CallStmt .

    $default  reduce using rule 73 (CodeBlockStmt)


State 46

   74 CodeBlockStmt: IfStmt .

    $default  reduce using rule 74 (CodeBlockStmt)


State 47

   75 CodeBlockStmt: WhileStmt .

    $default  reduce using rule 75 (CodeBlockStmt)


State 48

   57 Type: ID .

    $default  reduce using rule 57 (Type)


State 49

   56 Type: INT .

    $default  reduce using rule 56 (Type)


State 50

   48 VarDecl: ID COLON Type .
   52 VarDef: ID COLON Type . AS RightVal

    AS  shift, and go to state 83

    $default  reduce using rule 48 (VarDecl)


State 51

   50 VarDecl: ID LSB NUM . RSB COLON Type
   51        | ID LSB NUM . RSB
   54 VarDef: ID LSB NUM . RSB COLON Type AS LB RightValList RB
   55       | ID LSB NUM . RSB AS LB RightValList RB

    RSB  shift, and go to state 84


State 52

   17 ExprUnit: ID .
   35 LeftVal: ID .
   45 FnCall: ID . LP RightValList RP

    LP  shift, and go to state 70

    DOT       reduce using rule 35 (LeftVal)
    LSB       reduce using rule 35 (LeftVal)
    $default  reduce using rule 17 (ExprUnit)


State 53

   16 ExprUnit: NUM .

    $default  reduce using rule 16 (ExprUnit)


State 54

   22 ExprUnit: SUB . ExprUnit

    ID   shift, and go to state 52
    NUM  shift, and go to state 53
    SUB  shift, and go to state 54
    LP   shift, and go to state 85

    ArrayExpr  go to state 58
    ExprUnit   go to state 86
    LeftVal    go to state 62
    FnCall     go to state 64


State 55

   33 BoolUnit: NOT . BoolUnit

    ID   shift, and go to state 52
    NUM  shift, and go to state 53
    SUB  shift, and go to state 54
    NOT  shift, and go to state 55
    LP   shift, and go to state 56

    ArrayExpr  go to state 58
    ExprUnit   go to state 87
    BoolUnit   go to state 88
    LeftVal    go to state 62
    FnCall     go to state 64


State 56

   18 ExprUnit: LP . ArithExpr RP
   32 BoolUnit: LP . BoolExpr RP

    ID   shift, and go to state 52
    NUM  shift, and go to state 53
    SUB  shift, and go to state 54
    NOT  shift, and go to state 55
    LP   shift, and go to state 56

    ArithExpr  go to state 89
    ArrayExpr  go to state 58
    ExprUnit   go to state 59
    BoolExpr   go to state 90
    BoolUnit   go to state 61
    LeftVal    go to state 62
    FnCall     go to state 64


State 57

    9 ArithExpr: ArithExpr . ADD ArithExpr
   10          | ArithExpr . SUB ArithExpr
   11          | ArithExpr . MUL ArithExpr
   12          | ArithExpr . DIV ArithExpr
   38 RightVal: ArithExpr .

    ADD  shift, and go to state 91
    SUB  shift, and go to state 92
    MUL  shift, and go to state 93
    DIV  shift, and go to state 94

    $default  reduce using rule 38 (RightVal)


State 58

   20 ExprUnit: ArrayExpr .
   36 LeftVal: ArrayExpr .

    DOT       reduce using rule 36 (LeftVal)
    LSB       reduce using rule 36 (LeftVal)
    $default  reduce using rule 20 (ExprUnit)


State 59

   13 ArithExpr: ExprUnit .
   26 BoolUnit: ExprUnit . LT ExprUnit
   27         | ExprUnit . LE ExprUnit
   28         | ExprUnit . GT ExprUnit
   29         | ExprUnit . GE ExprUnit
   30         | ExprUnit . EQ ExprUnit
   31         | ExprUnit . NE ExprUnit

    LT  shift, and go to state 95
    LE  shift, and go to state 96
    GT  shift, and go to state 97
    GE  shift, and go to state 98
    EQ  shift, and go to state 99
    NE  shift, and go to state 100

    $default  reduce using rule 13 (ArithExpr)


State 60

   23 BoolExpr: BoolExpr . AND BoolExpr
   24         | BoolExpr . OR BoolExpr
   39 RightVal: BoolExpr .

    OR   shift, and go to state 101
    AND  shift, and go to state 102

    $default  reduce using rule 39 (RightVal)


State 61

   25 BoolExpr: BoolUnit .

    $default  reduce using rule 25 (BoolExpr)


State 62

   14 ArrayExpr: LeftVal . LSB ID RSB
   15          | LeftVal . LSB NUM RSB
   21 ExprUnit: LeftVal . DOT ID
   37 LeftVal: LeftVal . DOT ID

    DOT  shift, and go to state 103
    LSB  shift, and go to state 78


State 63

   53 VarDef: ID AS RightVal .

    $default  reduce using rule 53 (VarDef)


State 64

   19 ExprUnit: FnCall .

    $default  reduce using rule 19 (ExprUnit)


State 65

   48 VarDecl: ID . COLON Type
   49        | ID .
   50        | ID . LSB NUM RSB COLON Type
   51        | ID . LSB NUM RSB

    COLON  shift, and go to state 104
    LSB    shift, and go to state 105

    $default  reduce using rule 49 (VarDecl)


State 66

   58 VarDeclList: VarDecl . VarDeclRestList

    COMMA  shift, and go to state 106

    $default  reduce using rule 61 (VarDeclRestList)

    VarDeclRestList  go to state 107
    VarDeclRest      go to state 108


State 67

   63 StructDef: STRUCT ID LB VarDeclList . RB

    RB  shift, and go to state 109


State 68

   64 ParamDecl: VarDeclList .

    $default  reduce using rule 64 (ParamDecl)


State 69

   65 FnDecl: FN ID LP ParamDecl . RP
   66       | FN ID LP ParamDecl . RP ARROW Type

    RP  shift, and go to state 110


State 70

   45 FnCall: ID LP . RightValList RP

    ID   shift, and go to state 52
    NUM  shift, and go to state 53
    SUB  shift, and go to state 54
    NOT  shift, and go to state 55
    LP   shift, and go to state 56

    $default  reduce using rule 41 (RightValList)

    ArithExpr     go to state 57
    ArrayExpr     go to state 58
    ExprUnit      go to state 59
    BoolExpr      go to state 60
    BoolUnit      go to state 61
    LeftVal       go to state 62
    RightVal      go to state 111
    RightValList  go to state 112
    FnCall        go to state 64


State 71

   84 IfStmt: IF LP . BoolExpr RP CodeBlock
   85       | IF LP . BoolExpr RP CodeBlock ELSE CodeBlock

    ID   shift, and go to state 52
    NUM  shift, and go to state 53
    SUB  shift, and go to state 54
    NOT  shift, and go to state 55
    LP   shift, and go to state 56

    ArrayExpr  go to state 58
    ExprUnit   go to state 87
    BoolExpr   go to state 113
    BoolUnit   go to state 61
    LeftVal    go to state 62
    FnCall     go to state 64


State 72

   86 WhileStmt: WHILE LP . BoolExpr RP CodeBlock

    ID   shift, and go to state 52
    NUM  shift, and go to state 53
    SUB  shift, and go to state 54
    NOT  shift, and go to state 55
    LP   shift, and go to state 56

    ArrayExpr  go to state 58
    ExprUnit   go to state 87
    BoolExpr   go to state 114
    BoolUnit   go to state 61
    LeftVal    go to state 62
    FnCall     go to state 64


State 73

   77 CodeBlockStmt: CONTINUE SEMICOLON .

    $default  reduce using rule 77 (CodeBlockStmt)


State 74

   78 CodeBlockStmt: BREAK SEMICOLON .

    $default  reduce using rule 78 (CodeBlockStmt)


State 75

   69 ReturnStmt: RETURN SEMICOLON .

    $default  reduce using rule 69 (ReturnStmt)


State 76

   68 ReturnStmt: RETURN RightVal . SEMICOLON

    SEMICOLON  shift, and go to state 115


State 77

   37 LeftVal: LeftVal DOT . ID

    ID  shift, and go to state 116


State 78

   14 ArrayExpr: LeftVal LSB . ID RSB
   15          | LeftVal LSB . NUM RSB

    ID   shift, and go to state 117
    NUM  shift, and go to state 118


State 79

   34 AssignStmt: LeftVal AS . RightVal SEMICOLON

    ID   shift, and go to state 52
    NUM  shift, and go to state 53
    SUB  shift, and go to state 54
    NOT  shift, and go to state 55
    LP   shift, and go to state 56

    ArithExpr  go to state 57
    ArrayExpr  go to state 58
    ExprUnit   go to state 59
    BoolExpr   go to state 60
    BoolUnit   go to state 61
    LeftVal    go to state 62
    RightVal   go to state 119
    FnCall     go to state 64


State 80

   83 CallStmt: FnCall SEMICOLON .

    $default  reduce using rule 83 (CallStmt)


State 81

   80 CodeBlockStmtList: CodeBlockStmt CodeBlockStmtList .

    $default  reduce using rule 80 (CodeBlockStmtList)


State 82

   82 CodeBlock: LB CodeBlockStmtList RB .

    $default  reduce using rule 82 (CodeBlock)


State 83

   52 VarDef: ID COLON Type AS . RightVal

    ID   shift, and go to state 52
    NUM  shift, and go to state 53
    SUB  shift, and go to state 54
    NOT  shift, and go to state 55
    LP   shift, and go to state 56

    ArithExpr  go to state 57
    ArrayExpr  go to state 58
    ExprUnit   go to state 59
    BoolExpr   go to state 60
    BoolUnit   go to state 61
    LeftVal    go to state 62
    RightVal   go to state 120
    FnCall     go to state 64


State 84

   50 VarDecl: ID LSB NUM RSB . COLON Type
   51        | ID LSB NUM RSB .
   54 VarDef: ID LSB NUM RSB . COLON Type AS LB RightValList RB
   55       | ID LSB NUM RSB . AS LB RightValList RB

    COLON  shift, and go to state 121
    AS     shift, and go to state 122

    $default  reduce using rule 51 (VarDecl)


State 85

   18 ExprUnit: LP . ArithExpr RP

    ID   shift, and go to state 52
    NUM  shift, and go to state 53
    SUB  shift, and go to state 54
    LP   shift, and go to state 85

    ArithExpr  go to state 89
    ArrayExpr  go to state 58
    ExprUnit   go to state 123
    LeftVal    go to state 62
    FnCall     go to state 64


State 86

   22 ExprUnit: SUB ExprUnit .

    $default  reduce using rule 22 (ExprUnit)


State 87

   26 BoolUnit: ExprUnit . LT ExprUnit
   27         | ExprUnit . LE ExprUnit
   28         | ExprUnit . GT ExprUnit
   29         | ExprUnit . GE ExprUnit
   30         | ExprUnit . EQ ExprUnit
   31         | ExprUnit . NE ExprUnit

    LT  shift, and go to state 95
    LE  shift, and go to state 96
    GT  shift, and go to state 97
    GE  shift, and go to state 98
    EQ  shift, and go to state 99
    NE  shift, and go to state 100


State 88

   33 BoolUnit: NOT BoolUnit .

    $default  reduce using rule 33 (BoolUnit)


State 89

    9 ArithExpr: ArithExpr . ADD ArithExpr
   10          | ArithExpr . SUB ArithExpr
   11          | ArithExpr . MUL ArithExpr
   12          | ArithExpr . DIV ArithExpr
   18 ExprUnit: LP ArithExpr . RP

    ADD  shift, and go to state 91
    SUB  shift, and go to state 92
    MUL  shift, and go to state 93
    DIV  shift, and go to state 94
    RP   shift, and go to state 124


State 90

   23 BoolExpr: BoolExpr . AND BoolExpr
   24         | BoolExpr . OR BoolExpr
   32 BoolUnit: LP BoolExpr . RP

    OR   shift, and go to state 101
    AND  shift, and go to state 102
    RP   shift, and go to state 125


State 91

    9 ArithExpr: ArithExpr ADD . ArithExpr

    ID   shift, and go to state 52
    NUM  shift, and go to state 53
    SUB  shift, and go to state 54
    LP   shift, and go to state 85

    ArithExpr  go to state 126
    ArrayExpr  go to state 58
    ExprUnit   go to state 123
    LeftVal    go to state 62
    FnCall     go to state 64


State 92

   10 ArithExpr: ArithExpr SUB . ArithExpr

    ID   shift, and go to state 52
    NUM  shift, and go to state 53
    SUB  shift, and go to state 54
    LP   shift, and go to state 85

    ArithExpr  go to state 127
    ArrayExpr  go to state 58
    ExprUnit   go to state 123
    LeftVal    go to state 62
    FnCall     go to state 64


State 93

   11 ArithExpr: ArithExpr MUL . ArithExpr

    ID   shift, and go to state 52
    NUM  shift, and go to state 53
    SUB  shift, and go to state 54
    LP   shift, and go to state 85

    ArithExpr  go to state 128
    ArrayExpr  go to state 58
    ExprUnit   go to state 123
    LeftVal    go to state 62
    FnCall     go to state 64


State 94

   12 ArithExpr: ArithExpr DIV . ArithExpr

    ID   shift, and go to state 52
    NUM  shift, and go to state 53
    SUB  shift, and go to state 54
    LP   shift, and go to state 85

    ArithExpr  go to state 129
    ArrayExpr  go to state 58
    ExprUnit   go to state 123
    LeftVal    go to state 62
    FnCall     go to state 64


State 95

   26 BoolUnit: ExprUnit LT . ExprUnit

    ID   shift, and go to state 52
    NUM  shift, and go to state 53
    SUB  shift, and go to state 54
    LP   shift, and go to state 85

    ArrayExpr  go to state 58
    ExprUnit   go to state 130
    LeftVal    go to state 62
    FnCall     go to state 64


State 96

   27 BoolUnit: ExprUnit LE . ExprUnit

    ID   shift, and go to state 52
    NUM  shift, and go to state 53
    SUB  shift, and go to state 54
    LP   shift, and go to state 85

    ArrayExpr  go to state 58
    ExprUnit   go to state 131
    LeftVal    go to state 62
    FnCall     go to state 64


State 97

   28 BoolUnit: ExprUnit GT . ExprUnit

    ID   shift, and go to state 52
    NUM  shift, and go to state 53
    SUB  shift, and go to state 54
    LP   shift, and go to state 85

    ArrayExpr  go to state 58
    ExprUnit   go to state 132
    LeftVal    go to state 62
    FnCall     go to state 64


State 98

   29 BoolUnit: ExprUnit GE . ExprUnit

    ID   shift, and go to state 52
    NUM  shift, and go to state 53
    SUB  shift, and go to state 54
    LP   shift, and go to state 85

    ArrayExpr  go to state 58
    ExprUnit   go to state 133
    LeftVal    go to state 62
    FnCall     go to state 64


State 99

   30 BoolUnit: ExprUnit EQ . ExprUnit

    ID   shift, and go to state 52
    NUM  shift, and go to state 53
    SUB  shift, and go to state 54
    LP   shift, and go to state 85

    ArrayExpr  go to state 58
    ExprUnit   go to state 134
    LeftVal    go to state 62
    FnCall     go to state 64


State 100

   31 BoolUnit: ExprUnit NE . ExprUnit

    ID   shift, and go to state 52
    NUM  shift, and go to state 53
    SUB  shift, and go to state 54
    LP   shift, and go to state 85

    ArrayExpr  go to state 58
    ExprUnit   go to state 135
    LeftVal    go to state 62
    FnCall     go to state 64


State 101

   24 BoolExpr: BoolExpr OR . BoolExpr

    ID   shift, and go to state 52
    NUM  shift, and go to state 53
    SUB  shift, and go to state 54
    NOT  shift, and go to state 55
    LP   shift, and go to state 56

    ArrayExpr  go to state 58
    ExprUnit   go to state 87
    BoolExpr   go to state 136
    BoolUnit   go to state 61
    LeftVal    go to state 62
    FnCall     go to state 64


State 102

   23 BoolExpr: BoolExpr AND . BoolExpr

    ID   shift, and go to state 52
    NUM  shift, and go to state 53
    SUB  shift, and go to state 54
    NOT  shift, and go to state 55
    LP   shift, and go to state 56

    ArrayExpr  go to state 58
    ExprUnit   go to state 87
    BoolExpr   go to state 137
    BoolUnit   go to state 61
    LeftVal    go to state 62
    FnCall     go to state 64


State 103

   21 ExprUnit: LeftVal DOT . ID
   37 LeftVal: LeftVal DOT . ID

    ID  shift, and go to state 138


State 104

   48 VarDecl: ID COLON . Type

    ID   shift, and go to state 48
    INT  shift, and go to state 49

    Type  go to state 139


State 105

   50 VarDecl: ID LSB . NUM RSB COLON Type
   51        | ID LSB . NUM RSB

    NUM  shift, and go to state 140


State 106

   62 VarDeclRest: COMMA . VarDecl

    ID  shift, and go to state 65

    VarDecl  go to state 141


State 107

   58 VarDeclList: VarDecl VarDeclRestList .

    $default  reduce using rule 58 (VarDeclList)


State 108

   60 VarDeclRestList: VarDeclRest . VarDeclRestList

    COMMA  shift, and go to state 106

    $default  reduce using rule 61 (VarDeclRestList)

    VarDeclRestList  go to state 142
    VarDeclRest      go to state 108


State 109

   63 StructDef: STRUCT ID LB VarDeclList RB .

    $default  reduce using rule 63 (StructDef)


State 110

   65 FnDecl: FN ID LP ParamDecl RP .
   66       | FN ID LP ParamDecl RP . ARROW Type

    ARROW  shift, and go to state 143

    $default  reduce using rule 65 (FnDecl)


State 111

   40 RightValList: RightVal . RightValRestList

    COMMA  shift, and go to state 144

    $default  reduce using rule 43 (RightValRestList)

    RightValRestList  go to state 145
    RightValRest      go to state 146


State 112

   45 FnCall: ID LP RightValList . RP

    RP  shift, and go to state 147


State 113

   23 BoolExpr: BoolExpr . AND BoolExpr
   24         | BoolExpr . OR BoolExpr
   84 IfStmt: IF LP BoolExpr . RP CodeBlock
   85       | IF LP BoolExpr . RP CodeBlock ELSE CodeBlock

    OR   shift, and go to state 101
    AND  shift, and go to state 102
    RP   shift, and go to state 148


State 114

   23 BoolExpr: BoolExpr . AND BoolExpr
   24         | BoolExpr . OR BoolExpr
   86 WhileStmt: WHILE LP BoolExpr . RP CodeBlock

    OR   shift, and go to state 101
    AND  shift, and go to state 102
    RP   shift, and go to state 149


State 115

   68 ReturnStmt: RETURN RightVal SEMICOLON .

    $default  reduce using rule 68 (ReturnStmt)


State 116

   37 LeftVal: LeftVal DOT ID .

    $default  reduce using rule 37 (LeftVal)


State 117

   14 ArrayExpr: LeftVal LSB ID . RSB

    RSB  shift, and go to state 150


State 118

   15 ArrayExpr: LeftVal LSB NUM . RSB

    RSB  shift, and go to state 151


State 119

   34 AssignStmt: LeftVal AS RightVal . SEMICOLON

    SEMICOLON  shift, and go to state 152


State 120

   52 VarDef: ID COLON Type AS RightVal .

    $default  reduce using rule 52 (VarDef)


State 121

   50 VarDecl: ID LSB NUM RSB COLON . Type
   54 VarDef: ID LSB NUM RSB COLON . Type AS LB RightValList RB

    ID   shift, and go to state 48
    INT  shift, and go to state 49

    Type  go to state 153


State 122

   55 VarDef: ID LSB NUM RSB AS . LB RightValList RB

    LB  shift, and go to state 154


State 123

   13 ArithExpr: ExprUnit .

    $default  reduce using rule 13 (ArithExpr)


State 124

   18 ExprUnit: LP ArithExpr RP .

    $default  reduce using rule 18 (ExprUnit)


State 125

   32 BoolUnit: LP BoolExpr RP .

    $default  reduce using rule 32 (BoolUnit)


State 126

    9 ArithExpr: ArithExpr . ADD ArithExpr
    9          | ArithExpr ADD ArithExpr .
   10          | ArithExpr . SUB ArithExpr
   11          | ArithExpr . MUL ArithExpr
   12          | ArithExpr . DIV ArithExpr

    MUL  shift, and go to state 93
    DIV  shift, and go to state 94

    $default  reduce using rule 9 (ArithExpr)


State 127

    9 ArithExpr: ArithExpr . ADD ArithExpr
   10          | ArithExpr . SUB ArithExpr
   10          | ArithExpr SUB ArithExpr .
   11          | ArithExpr . MUL ArithExpr
   12          | ArithExpr . DIV ArithExpr

    MUL  shift, and go to state 93
    DIV  shift, and go to state 94

    $default  reduce using rule 10 (ArithExpr)


State 128

    9 ArithExpr: ArithExpr . ADD ArithExpr
   10          | ArithExpr . SUB ArithExpr
   11          | ArithExpr . MUL ArithExpr
   11          | ArithExpr MUL ArithExpr .
   12          | ArithExpr . DIV ArithExpr

    $default  reduce using rule 11 (ArithExpr)


State 129

    9 ArithExpr: ArithExpr . ADD ArithExpr
   10          | ArithExpr . SUB ArithExpr
   11          | ArithExpr . MUL ArithExpr
   12          | ArithExpr . DIV ArithExpr
   12          | ArithExpr DIV ArithExpr .

    $default  reduce using rule 12 (ArithExpr)


State 130

   26 BoolUnit: ExprUnit LT ExprUnit .

    $default  reduce using rule 26 (BoolUnit)


State 131

   27 BoolUnit: ExprUnit LE ExprUnit .

    $default  reduce using rule 27 (BoolUnit)


State 132

   28 BoolUnit: ExprUnit GT ExprUnit .

    $default  reduce using rule 28 (BoolUnit)


State 133

   29 BoolUnit: ExprUnit GE ExprUnit .

    $default  reduce using rule 29 (BoolUnit)


State 134

   30 BoolUnit: ExprUnit EQ ExprUnit .

    $default  reduce using rule 30 (BoolUnit)


State 135

   31 BoolUnit: ExprUnit NE ExprUnit .

    $default  reduce using rule 31 (BoolUnit)


State 136

   23 BoolExpr: BoolExpr . AND BoolExpr
   24         | BoolExpr . OR BoolExpr
   24         | BoolExpr OR BoolExpr .

    AND  shift, and go to state 102

    $default  reduce using rule 24 (BoolExpr)


State 137

   23 BoolExpr: BoolExpr . AND BoolExpr
   23         | BoolExpr AND BoolExpr .
   24         | BoolExpr . OR BoolExpr

    $default  reduce using rule 23 (BoolExpr)


State 138

   21 ExprUnit: LeftVal DOT ID .
   37 LeftVal: LeftVal DOT ID .

    DOT       reduce using rule 37 (LeftVal)
    LSB       reduce using rule 37 (LeftVal)
    $default  reduce using rule 21 (ExprUnit)


State 139

   48 VarDecl: ID COLON Type .

    $default  reduce using rule 48 (VarDecl)


State 140

   50 VarDecl: ID LSB NUM . RSB COLON Type
   51        | ID LSB NUM . RSB

    RSB  shift, and go to state 155


State 141

   62 VarDeclRest: COMMA VarDecl .

    $default  reduce using rule 62 (VarDeclRest)


State 142

   60 VarDeclRestList: VarDeclRest VarDeclRestList .

    $default  reduce using rule 60 (VarDeclRestList)


State 143

   66 FnDecl: FN ID LP ParamDecl RP ARROW . Type

    ID   shift, and go to state 48
    INT  shift, and go to state 49

    Type  go to state 156


State 144

   44 RightValRest: COMMA . RightVal

    ID   shift, and go to state 52
    NUM  shift, and go to state 53
    SUB  shift, and go to state 54
    NOT  shift, and go to state 55
    LP   shift, and go to state 56

    ArithExpr  go to state 57
    ArrayExpr  go to state 58
    ExprUnit   go to state 59
    BoolExpr   go to state 60
    BoolUnit   go to state 61
    LeftVal    go to state 62
    RightVal   go to state 157
    FnCall     go to state 64


State 145

   40 RightValList: RightVal RightValRestList .

    $default  reduce using rule 40 (RightValList)


State 146

   42 RightValRestList: RightValRest . RightValRestList

    COMMA  shift, and go to state 144

    $default  reduce using rule 43 (RightValRestList)

    RightValRestList  go to state 158
    RightValRest      go to state 146


State 147

   45 FnCall: ID LP RightValList RP .

    $default  reduce using rule 45 (FnCall)


State 148

   84 IfStmt: IF LP BoolExpr RP . CodeBlock
   85       | IF LP BoolExpr RP . CodeBlock ELSE CodeBlock

    LB  shift, and go to state 21

    CodeBlock  go to state 159


State 149

   86 WhileStmt: WHILE LP BoolExpr RP . CodeBlock

    LB  shift, and go to state 21

    CodeBlock  go to state 160


State 150

   14 ArrayExpr: LeftVal LSB ID RSB .

    $default  reduce using rule 14 (ArrayExpr)


State 151

   15 ArrayExpr: LeftVal LSB NUM RSB .

    $default  reduce using rule 15 (ArrayExpr)


State 152

   34 AssignStmt: LeftVal AS RightVal SEMICOLON .

    $default  reduce using rule 34 (AssignStmt)


State 153

   50 VarDecl: ID LSB NUM RSB COLON Type .
   54 VarDef: ID LSB NUM RSB COLON Type . AS LB RightValList RB

    AS  shift, and go to state 161

    $default  reduce using rule 50 (VarDecl)


State 154

   55 VarDef: ID LSB NUM RSB AS LB . RightValList RB

    ID   shift, and go to state 52
    NUM  shift, and go to state 53
    SUB  shift, and go to state 54
    NOT  shift, and go to state 55
    LP   shift, and go to state 56

    $default  reduce using rule 41 (RightValList)

    ArithExpr     go to state 57
    ArrayExpr     go to state 58
    ExprUnit      go to state 59
    BoolExpr      go to state 60
    BoolUnit      go to state 61
    LeftVal       go to state 62
    RightVal      go to state 111
    RightValList  go to state 162
    FnCall        go to state 64


State 155

   50 VarDecl: ID LSB NUM RSB . COLON Type
   51        | ID LSB NUM RSB .

    COLON  shift, and go to state 163

    $default  reduce using rule 51 (VarDecl)


State 156

   66 FnDecl: FN ID LP ParamDecl RP ARROW Type .

    $default  reduce using rule 66 (FnDecl)


State 157

   44 RightValRest: COMMA RightVal .

    $default  reduce using rule 44 (RightValRest)


State 158

   42 RightValRestList: RightValRest RightValRestList .

    $default  reduce using rule 42 (RightValRestList)


State 159

   84 IfStmt: IF LP BoolExpr RP CodeBlock .
   85       | IF LP BoolExpr RP CodeBlock . ELSE CodeBlock

    ELSE  shift, and go to state 164

    $default  reduce using rule 84 (IfStmt)


State 160

   86 WhileStmt: WHILE LP BoolExpr RP CodeBlock .

    $default  reduce using rule 86 (WhileStmt)


State 161

   54 VarDef: ID LSB NUM RSB COLON Type AS . LB RightValList RB

    LB  shift, and go to state 165


State 162

   55 VarDef: ID LSB NUM RSB AS LB RightValList . RB

    RB  shift, and go to state 166


State 163

   50 VarDecl: ID LSB NUM RSB COLON . Type

    ID   shift, and go to state 48
    INT  shift, and go to state 49

    Type  go to state 167


State 164

   85 IfStmt: IF LP BoolExpr RP CodeBlock ELSE . CodeBlock

    LB  shift, and go to state 21

    CodeBlock  go to state 168


State 165

   54 VarDef: ID LSB NUM RSB COLON Type AS LB . RightValList RB

    ID   shift, and go to state 52
    NUM  shift, and go to state 53
    SUB  shift, and go to state 54
    NOT  shift, and go to state 55
    LP   shift, and go to state 56

    $default  reduce using rule 41 (RightValList)

    ArithExpr     go to state 57
    ArrayExpr     go to state 58
    ExprUnit      go to state 59
    BoolExpr      go to state 60
    BoolUnit      go to state 61
    LeftVal       go to state 62
    RightVal      go to state 111
    RightValList  go to state 169
    FnCall        go to state 64


State 166

   55 VarDef: ID LSB NUM RSB AS LB RightValList RB .

    $default  reduce using rule 55 (VarDef)


State 167

   50 VarDecl: ID LSB NUM RSB COLON Type .

    $default  reduce using rule 50 (VarDecl)


State 168

   85 IfStmt: IF LP BoolExpr RP CodeBlock ELSE CodeBlock .

    $default  reduce using rule 85 (IfStmt)


State 169

   54 VarDef: ID LSB NUM RSB COLON Type AS LB RightValList . RB

    RB  shift, and go to state 170


State 170

   54 VarDef: ID LSB NUM RSB COLON Type AS LB RightValList RB .

    $default  reduce using rule 54 (VarDef)
