语法

    0 $accept: Program $end

    1 Program: ProgramElementList

    2 ProgramElementList: ProgramElement ProgramElementList
    3                   | ε

    4 ProgramElement: VarDeclStmt
    5               | StructDef
    6               | FnDeclStmt
    7               | FnDef
    8               | SEMICOLON

    9 ArithExpr: ArithExpr ADD ArithExpr
   10          | ArithExpr SUB ArithExpr
   11          | ArithExpr MUL ArithExpr
   12          | ArithExpr DIV ArithExpr
   13          | ExprUnit

   14 NUM: UNUM
   15    | SUB UNUM

   16 ArrayExpr: LeftVal LSB ID RSB
   17          | LeftVal LSB NUM RSB

   18 ExprUnit: NUM
   19         | ID
   20         | LP ArithExpr RP
   21         | FnCall
   22         | ArrayExpr
   23         | LeftVal DOT ID

   24 BoolExpr: BoolExpr AND BoolExpr
   25         | BoolExpr OR BoolExpr
   26         | BoolUnit

   27 BoolUnit: LP ExprUnit LT ExprUnit RP
   28         | LP ExprUnit LE ExprUnit RP
   29         | LP ExprUnit GT ExprUnit RP
   30         | LP ExprUnit GE ExprUnit RP
   31         | LP ExprUnit EQ ExprUnit RP
   32         | LP ExprUnit NE ExprUnit RP
   33         | LP BoolExpr RP
   34         | NOT BoolUnit

   35 BoolUnit_: LP ExprUnit LT ExprUnit RP
   36          | LP ExprUnit LE ExprUnit RP
   37          | LP ExprUnit GT ExprUnit RP
   38          | LP ExprUnit GE ExprUnit RP
   39          | LP ExprUnit EQ ExprUnit RP
   40          | LP ExprUnit NE ExprUnit RP
   41          | LP BoolExpr RP
   42          | LP NOT BoolUnit RP

   43 AssignStmt: LeftVal AS RightVal SEMICOLON

   44 LeftVal: ID
   45        | ArrayExpr
   46        | LeftVal DOT ID

   47 RightVal: ArithExpr

   48 RightValList: RightVal RightValRestList
   49             | ε

   50 RightValRestList: RightValRest RightValRestList
   51                 | ε

   52 RightValRest: COMMA RightVal

   53 FnCall: ID LP RightValList RP

   54 VarDeclStmt: LET VarDecl SEMICOLON
   55            | LET VarDef SEMICOLON

   56 VarDecl: ID COLON Type
   57        | ID
   58        | ID LSB NUM RSB COLON Type
   59        | ID LSB NUM RSB

   60 FieldDecl: ID COLON Type
   61          | ID LSB NUM RSB COLON Type

   62 VarDef: ID COLON Type AS RightVal
   63       | ID AS RightVal
   64       | ID LSB NUM RSB COLON Type AS LB RightValList RB
   65       | ID LSB NUM RSB AS LB RightValList RB

   66 Type: INT
   67     | ID

   68 VarDeclList: VarDecl VarDeclRestList
   69            | ε

   70 VarDeclRestList: VarDeclRest VarDeclRestList
   71                | ε

   72 VarDeclRest: COMMA VarDecl

   73 FieldDeclList: FieldDecl FieldDeclRestList
   74              | ε

   75 FieldDeclRestList: FieldDeclRest FieldDeclRestList
   76                  | ε

   77 FieldDeclRest: COMMA FieldDecl

   78 StructDef: STRUCT ID LB FieldDeclList RB

   79 ParamDecl: VarDeclList

   80 FnDecl: FN ID LP ParamDecl RP
   81       | FN ID LP ParamDecl RP ARROW Type

   82 FnDeclStmt: FnDecl SEMICOLON

   83 ReturnStmt: RETURN RightVal SEMICOLON
   84           | RETURN SEMICOLON

   85 FnDef: FnDecl CodeBlock

   86 CodeBlockStmt: VarDeclStmt
   87              | AssignStmt
   88              | CallStmt
   89              | IfStmt
   90              | WhileStmt
   91              | ReturnStmt
   92              | CONTINUE SEMICOLON
   93              | BREAK SEMICOLON
   94              | SEMICOLON

   95 CodeBlockStmtList: CodeBlockStmt CodeBlockStmtList
   96                  | ε

   97 CodeBlock: LB CodeBlockStmtList RB

   98 CallStmt: FnCall SEMICOLON

   99 IfStmt: IF BoolUnit_ CodeBlock
  100       | IF BoolUnit_ CodeBlock ELSE CodeBlock

  101 WhileStmt: WHILE BoolUnit_ CodeBlock


终结语词，附有它们出现处的规则

    $end (0) 0
    error (256)
    ID <tokenId> (258) 16 19 23 44 46 53 56 57 58 59 60 61 62 63 64 65 67 78 80 81
    UNUM <tokenNum> (259) 14 15
    INT <pos> (260) 66
    LET <pos> (261) 54 55
    STRUCT <pos> (262) 78
    FN <pos> (263) 80 81
    IF <pos> (264) 99 100
    ELSE <pos> (265) 100
    WHILE <pos> (266) 101
    DOT <pos> (267) 23 46
    CONTINUE <pos> (268) 92
    BREAK <pos> (269) 93
    RETURN <pos> (270) 83 84
    SEMICOLON <pos> (271) 8 43 54 55 82 83 84 92 93 94 98
    COMMA <pos> (272) 52 72 77
    COLON <pos> (273) 56 58 60 61 62 64
    ARROW <pos> (274) 81
    ADD <pos> (275) 9
    SUB <pos> (276) 10 15
    MUL <pos> (277) 11
    DIV <pos> (278) 12
    OR <pos> (279) 25
    AND <pos> (280) 24
    LT <pos> (281) 27 35
    LE <pos> (282) 28 36
    GT <pos> (283) 29 37
    GE <pos> (284) 30 38
    EQ <pos> (285) 31 39
    NE <pos> (286) 32 40
    NOT <pos> (287) 34 42
    LP <pos> (288) 20 27 28 29 30 31 32 33 35 36 37 38 39 40 41 42 53 80 81
    RP <pos> (289) 20 27 28 29 30 31 32 33 35 36 37 38 39 40 41 42 53 80 81
    LB <pos> (290) 64 65 78 97
    RB <pos> (291) 64 65 78 97
    LSB <pos> (292) 16 17 58 59 61 64 65
    RSB <pos> (293) 16 17 58 59 61 64 65
    AS <pos> (294) 43 62 63 64 65
    NEG (295)


非终结语词，附有它们出现处的规则

    $accept (41)
        on left: 0
    Program <program> (42)
        on left: 1
        on right: 0
    ProgramElementList <programElementList> (43)
        on left: 2 3
        on right: 1 2
    ProgramElement <programElement> (44)
        on left: 4 5 6 7 8
        on right: 2
    ArithExpr <arithExpr> (45)
        on left: 9 10 11 12 13
        on right: 9 10 11 12 20 47
    NUM <tokenNum> (46)
        on left: 14 15
        on right: 17 18 58 59 61 64 65
    ArrayExpr <arrayExpr> (47)
        on left: 16 17
        on right: 22 45
    ExprUnit <exprUnit> (48)
        on left: 18 19 20 21 22 23
        on right: 13 27 28 29 30 31 32 35 36 37 38 39 40
    BoolExpr <boolExpr> (49)
        on left: 24 25 26
        on right: 24 25 33 41
    BoolUnit <boolUnit> (50)
        on left: 27 28 29 30 31 32 33 34
        on right: 26 34 42
    BoolUnit_ <boolUnit> (51)
        on left: 35 36 37 38 39 40 41 42
        on right: 99 100 101
    AssignStmt <assignStmt> (52)
        on left: 43
        on right: 87
    LeftVal <leftVal> (53)
        on left: 44 45 46
        on right: 16 17 23 43 46
    RightVal <rightVal> (54)
        on left: 47
        on right: 43 48 52 62 63 83
    RightValList <rightValList> (55)
        on left: 48 49
        on right: 53 64 65
    RightValRestList <rightValList> (56)
        on left: 50 51
        on right: 48 50
    RightValRest <rightVal> (57)
        on left: 52
        on right: 50
    FnCall <fnCall> (58)
        on left: 53
        on right: 21 98
    VarDeclStmt <varDeclStmt> (59)
        on left: 54 55
        on right: 4 86
    VarDecl <varDecl> (60)
        on left: 56 57 58 59
        on right: 54 68 72
    FieldDecl <varDecl> (61)
        on left: 60 61
        on right: 73 77
    VarDef <varDef> (62)
        on left: 62 63 64 65
        on right: 55
    Type <type> (63)
        on left: 66 67
        on right: 56 58 60 61 62 64 81
    VarDeclList <varDeclList> (64)
        on left: 68 69
        on right: 79
    VarDeclRestList <varDeclList> (65)
        on left: 70 71
        on right: 68 70
    VarDeclRest <varDecl> (66)
        on left: 72
        on right: 70
    FieldDeclList <varDeclList> (67)
        on left: 73 74
        on right: 78
    FieldDeclRestList <varDeclList> (68)
        on left: 75 76
        on right: 73 75
    FieldDeclRest <varDecl> (69)
        on left: 77
        on right: 75
    StructDef <structDef> (70)
        on left: 78
        on right: 5
    ParamDecl <paramDecl> (71)
        on left: 79
        on right: 80 81
    FnDecl <fnDecl> (72)
        on left: 80 81
        on right: 82 85
    FnDeclStmt <fnDeclStmt> (73)
        on left: 82
        on right: 6
    ReturnStmt <returnStmt> (74)
        on left: 83 84
        on right: 91
    FnDef <fnDef> (75)
        on left: 85
        on right: 7
    CodeBlockStmt <codeBlockStmt> (76)
        on left: 86 87 88 89 90 91 92 93 94
        on right: 95
    CodeBlockStmtList <codeBlockStmtList> (77)
        on left: 95 96
        on right: 95 97
    CodeBlock <codeBlockStmtList> (78)
        on left: 97
        on right: 85 99 100 101
    CallStmt <callStmt> (79)
        on left: 98
        on right: 88
    IfStmt <ifStmt> (80)
        on left: 99 100
        on right: 89
    WhileStmt <whileStmt> (81)
        on left: 101
        on right: 90


状态 0

    0 $accept: • Program $end

    LET        偏移，并进入状态 1
    STRUCT     偏移，并进入状态 2
    FN         偏移，并进入状态 3
    SEMICOLON  偏移，并进入状态 4

    $default  使用规则 3 以归约 (ProgramElementList)

    Program             转到状态 5
    ProgramElementList  转到状态 6
    ProgramElement      转到状态 7
    VarDeclStmt         转到状态 8
    StructDef           转到状态 9
    FnDecl              转到状态 10
    FnDeclStmt          转到状态 11
    FnDef               转到状态 12


状态 1

   54 VarDeclStmt: LET • VarDecl SEMICOLON
   55            | LET • VarDef SEMICOLON

    ID  偏移，并进入状态 13

    VarDecl  转到状态 14
    VarDef   转到状态 15


状态 2

   78 StructDef: STRUCT • ID LB FieldDeclList RB

    ID  偏移，并进入状态 16


状态 3

   80 FnDecl: FN • ID LP ParamDecl RP
   81       | FN • ID LP ParamDecl RP ARROW Type

    ID  偏移，并进入状态 17


状态 4

    8 ProgramElement: SEMICOLON •

    $default  使用规则 8 以归约 (ProgramElement)


状态 5

    0 $accept: Program • $end

    $end  偏移，并进入状态 18


状态 6

    1 Program: ProgramElementList •

    $default  使用规则 1 以归约 (Program)


状态 7

    2 ProgramElementList: ProgramElement • ProgramElementList

    LET        偏移，并进入状态 1
    STRUCT     偏移，并进入状态 2
    FN         偏移，并进入状态 3
    SEMICOLON  偏移，并进入状态 4

    $default  使用规则 3 以归约 (ProgramElementList)

    ProgramElementList  转到状态 19
    ProgramElement      转到状态 7
    VarDeclStmt         转到状态 8
    StructDef           转到状态 9
    FnDecl              转到状态 10
    FnDeclStmt          转到状态 11
    FnDef               转到状态 12


状态 8

    4 ProgramElement: VarDeclStmt •

    $default  使用规则 4 以归约 (ProgramElement)


状态 9

    5 ProgramElement: StructDef •

    $default  使用规则 5 以归约 (ProgramElement)


状态 10

   82 FnDeclStmt: FnDecl • SEMICOLON
   85 FnDef: FnDecl • CodeBlock

    SEMICOLON  偏移，并进入状态 20
    LB         偏移，并进入状态 21

    CodeBlock  转到状态 22


状态 11

    6 ProgramElement: FnDeclStmt •

    $default  使用规则 6 以归约 (ProgramElement)


状态 12

    7 ProgramElement: FnDef •

    $default  使用规则 7 以归约 (ProgramElement)


状态 13

   56 VarDecl: ID • COLON Type
   57        | ID •
   58        | ID • LSB NUM RSB COLON Type
   59        | ID • LSB NUM RSB
   62 VarDef: ID • COLON Type AS RightVal
   63       | ID • AS RightVal
   64       | ID • LSB NUM RSB COLON Type AS LB RightValList RB
   65       | ID • LSB NUM RSB AS LB RightValList RB

    COLON  偏移，并进入状态 23
    LSB    偏移，并进入状态 24
    AS     偏移，并进入状态 25

    $default  使用规则 57 以归约 (VarDecl)


状态 14

   54 VarDeclStmt: LET VarDecl • SEMICOLON

    SEMICOLON  偏移，并进入状态 26


状态 15

   55 VarDeclStmt: LET VarDef • SEMICOLON

    SEMICOLON  偏移，并进入状态 27


状态 16

   78 StructDef: STRUCT ID • LB FieldDeclList RB

    LB  偏移，并进入状态 28


状态 17

   80 FnDecl: FN ID • LP ParamDecl RP
   81       | FN ID • LP ParamDecl RP ARROW Type

    LP  偏移，并进入状态 29


状态 18

    0 $accept: Program $end •

    $default  接受


状态 19

    2 ProgramElementList: ProgramElement ProgramElementList •

    $default  使用规则 2 以归约 (ProgramElementList)


状态 20

   82 FnDeclStmt: FnDecl SEMICOLON •

    $default  使用规则 82 以归约 (FnDeclStmt)


状态 21

   97 CodeBlock: LB • CodeBlockStmtList RB

    ID         偏移，并进入状态 30
    LET        偏移，并进入状态 1
    IF         偏移，并进入状态 31
    WHILE      偏移，并进入状态 32
    CONTINUE   偏移，并进入状态 33
    BREAK      偏移，并进入状态 34
    RETURN     偏移，并进入状态 35
    SEMICOLON  偏移，并进入状态 36

    $default  使用规则 96 以归约 (CodeBlockStmtList)

    ArrayExpr          转到状态 37
    AssignStmt         转到状态 38
    LeftVal            转到状态 39
    FnCall             转到状态 40
    VarDeclStmt        转到状态 41
    ReturnStmt         转到状态 42
    CodeBlockStmt      转到状态 43
    CodeBlockStmtList  转到状态 44
    CallStmt           转到状态 45
    IfStmt             转到状态 46
    WhileStmt          转到状态 47


状态 22

   85 FnDef: FnDecl CodeBlock •

    $default  使用规则 85 以归约 (FnDef)


状态 23

   56 VarDecl: ID COLON • Type
   62 VarDef: ID COLON • Type AS RightVal

    ID   偏移，并进入状态 48
    INT  偏移，并进入状态 49

    Type  转到状态 50


状态 24

   58 VarDecl: ID LSB • NUM RSB COLON Type
   59        | ID LSB • NUM RSB
   64 VarDef: ID LSB • NUM RSB COLON Type AS LB RightValList RB
   65       | ID LSB • NUM RSB AS LB RightValList RB

    UNUM  偏移，并进入状态 51
    SUB   偏移，并进入状态 52

    NUM  转到状态 53


状态 25

   63 VarDef: ID AS • RightVal

    ID    偏移，并进入状态 54
    UNUM  偏移，并进入状态 51
    SUB   偏移，并进入状态 52
    LP    偏移，并进入状态 55

    ArithExpr  转到状态 56
    NUM        转到状态 57
    ArrayExpr  转到状态 58
    ExprUnit   转到状态 59
    LeftVal    转到状态 60
    RightVal   转到状态 61
    FnCall     转到状态 62


状态 26

   54 VarDeclStmt: LET VarDecl SEMICOLON •

    $default  使用规则 54 以归约 (VarDeclStmt)


状态 27

   55 VarDeclStmt: LET VarDef SEMICOLON •

    $default  使用规则 55 以归约 (VarDeclStmt)


状态 28

   78 StructDef: STRUCT ID LB • FieldDeclList RB

    ID  偏移，并进入状态 63

    $default  使用规则 74 以归约 (FieldDeclList)

    FieldDecl      转到状态 64
    FieldDeclList  转到状态 65


状态 29

   80 FnDecl: FN ID LP • ParamDecl RP
   81       | FN ID LP • ParamDecl RP ARROW Type

    ID  偏移，并进入状态 66

    $default  使用规则 69 以归约 (VarDeclList)

    VarDecl      转到状态 67
    VarDeclList  转到状态 68
    ParamDecl    转到状态 69


状态 30

   44 LeftVal: ID •
   53 FnCall: ID • LP RightValList RP

    LP  偏移，并进入状态 70

    $default  使用规则 44 以归约 (LeftVal)


状态 31

   99 IfStmt: IF • BoolUnit_ CodeBlock
  100       | IF • BoolUnit_ CodeBlock ELSE CodeBlock

    LP  偏移，并进入状态 71

    BoolUnit_  转到状态 72


状态 32

  101 WhileStmt: WHILE • BoolUnit_ CodeBlock

    LP  偏移，并进入状态 71

    BoolUnit_  转到状态 73


状态 33

   92 CodeBlockStmt: CONTINUE • SEMICOLON

    SEMICOLON  偏移，并进入状态 74


状态 34

   93 CodeBlockStmt: BREAK • SEMICOLON

    SEMICOLON  偏移，并进入状态 75


状态 35

   83 ReturnStmt: RETURN • RightVal SEMICOLON
   84           | RETURN • SEMICOLON

    ID         偏移，并进入状态 54
    UNUM       偏移，并进入状态 51
    SEMICOLON  偏移，并进入状态 76
    SUB        偏移，并进入状态 52
    LP         偏移，并进入状态 55

    ArithExpr  转到状态 56
    NUM        转到状态 57
    ArrayExpr  转到状态 58
    ExprUnit   转到状态 59
    LeftVal    转到状态 60
    RightVal   转到状态 77
    FnCall     转到状态 62


状态 36

   94 CodeBlockStmt: SEMICOLON •

    $default  使用规则 94 以归约 (CodeBlockStmt)


状态 37

   45 LeftVal: ArrayExpr •

    $default  使用规则 45 以归约 (LeftVal)


状态 38

   87 CodeBlockStmt: AssignStmt •

    $default  使用规则 87 以归约 (CodeBlockStmt)


状态 39

   16 ArrayExpr: LeftVal • LSB ID RSB
   17          | LeftVal • LSB NUM RSB
   43 AssignStmt: LeftVal • AS RightVal SEMICOLON
   46 LeftVal: LeftVal • DOT ID

    DOT  偏移，并进入状态 78
    LSB  偏移，并进入状态 79
    AS   偏移，并进入状态 80


状态 40

   98 CallStmt: FnCall • SEMICOLON

    SEMICOLON  偏移，并进入状态 81


状态 41

   86 CodeBlockStmt: VarDeclStmt •

    $default  使用规则 86 以归约 (CodeBlockStmt)


状态 42

   91 CodeBlockStmt: ReturnStmt •

    $default  使用规则 91 以归约 (CodeBlockStmt)


状态 43

   95 CodeBlockStmtList: CodeBlockStmt • CodeBlockStmtList

    ID         偏移，并进入状态 30
    LET        偏移，并进入状态 1
    IF         偏移，并进入状态 31
    WHILE      偏移，并进入状态 32
    CONTINUE   偏移，并进入状态 33
    BREAK      偏移，并进入状态 34
    RETURN     偏移，并进入状态 35
    SEMICOLON  偏移，并进入状态 36

    $default  使用规则 96 以归约 (CodeBlockStmtList)

    ArrayExpr          转到状态 37
    AssignStmt         转到状态 38
    LeftVal            转到状态 39
    FnCall             转到状态 40
    VarDeclStmt        转到状态 41
    ReturnStmt         转到状态 42
    CodeBlockStmt      转到状态 43
    CodeBlockStmtList  转到状态 82
    CallStmt           转到状态 45
    IfStmt             转到状态 46
    WhileStmt          转到状态 47


状态 44

   97 CodeBlock: LB CodeBlockStmtList • RB

    RB  偏移，并进入状态 83


状态 45

   88 CodeBlockStmt: CallStmt •

    $default  使用规则 88 以归约 (CodeBlockStmt)


状态 46

   89 CodeBlockStmt: IfStmt •

    $default  使用规则 89 以归约 (CodeBlockStmt)


状态 47

   90 CodeBlockStmt: WhileStmt •

    $default  使用规则 90 以归约 (CodeBlockStmt)


状态 48

   67 Type: ID •

    $default  使用规则 67 以归约 (Type)


状态 49

   66 Type: INT •

    $default  使用规则 66 以归约 (Type)


状态 50

   56 VarDecl: ID COLON Type •
   62 VarDef: ID COLON Type • AS RightVal

    AS  偏移，并进入状态 84

    $default  使用规则 56 以归约 (VarDecl)


状态 51

   14 NUM: UNUM •

    $default  使用规则 14 以归约 (NUM)


状态 52

   15 NUM: SUB • UNUM

    UNUM  偏移，并进入状态 85


状态 53

   58 VarDecl: ID LSB NUM • RSB COLON Type
   59        | ID LSB NUM • RSB
   64 VarDef: ID LSB NUM • RSB COLON Type AS LB RightValList RB
   65       | ID LSB NUM • RSB AS LB RightValList RB

    RSB  偏移，并进入状态 86


状态 54

   19 ExprUnit: ID •
   44 LeftVal: ID •
   53 FnCall: ID • LP RightValList RP

    LP  偏移，并进入状态 70

    DOT       使用规则 44 以归约 (LeftVal)
    LSB       使用规则 44 以归约 (LeftVal)
    $default  使用规则 19 以归约 (ExprUnit)


状态 55

   20 ExprUnit: LP • ArithExpr RP

    ID    偏移，并进入状态 54
    UNUM  偏移，并进入状态 51
    SUB   偏移，并进入状态 52
    LP    偏移，并进入状态 55

    ArithExpr  转到状态 87
    NUM        转到状态 57
    ArrayExpr  转到状态 58
    ExprUnit   转到状态 59
    LeftVal    转到状态 60
    FnCall     转到状态 62


状态 56

    9 ArithExpr: ArithExpr • ADD ArithExpr
   10          | ArithExpr • SUB ArithExpr
   11          | ArithExpr • MUL ArithExpr
   12          | ArithExpr • DIV ArithExpr
   47 RightVal: ArithExpr •

    ADD  偏移，并进入状态 88
    SUB  偏移，并进入状态 89
    MUL  偏移，并进入状态 90
    DIV  偏移，并进入状态 91

    $default  使用规则 47 以归约 (RightVal)


状态 57

   18 ExprUnit: NUM •

    $default  使用规则 18 以归约 (ExprUnit)


状态 58

   22 ExprUnit: ArrayExpr •
   45 LeftVal: ArrayExpr •

    DOT       使用规则 45 以归约 (LeftVal)
    LSB       使用规则 45 以归约 (LeftVal)
    $default  使用规则 22 以归约 (ExprUnit)


状态 59

   13 ArithExpr: ExprUnit •

    $default  使用规则 13 以归约 (ArithExpr)


状态 60

   16 ArrayExpr: LeftVal • LSB ID RSB
   17          | LeftVal • LSB NUM RSB
   23 ExprUnit: LeftVal • DOT ID
   46 LeftVal: LeftVal • DOT ID

    DOT  偏移，并进入状态 92
    LSB  偏移，并进入状态 79


状态 61

   63 VarDef: ID AS RightVal •

    $default  使用规则 63 以归约 (VarDef)


状态 62

   21 ExprUnit: FnCall •

    $default  使用规则 21 以归约 (ExprUnit)


状态 63

   60 FieldDecl: ID • COLON Type
   61          | ID • LSB NUM RSB COLON Type

    COLON  偏移，并进入状态 93
    LSB    偏移，并进入状态 94


状态 64

   73 FieldDeclList: FieldDecl • FieldDeclRestList

    COMMA  偏移，并进入状态 95

    $default  使用规则 76 以归约 (FieldDeclRestList)

    FieldDeclRestList  转到状态 96
    FieldDeclRest      转到状态 97


状态 65

   78 StructDef: STRUCT ID LB FieldDeclList • RB

    RB  偏移，并进入状态 98


状态 66

   56 VarDecl: ID • COLON Type
   57        | ID •
   58        | ID • LSB NUM RSB COLON Type
   59        | ID • LSB NUM RSB

    COLON  偏移，并进入状态 99
    LSB    偏移，并进入状态 100

    $default  使用规则 57 以归约 (VarDecl)


状态 67

   68 VarDeclList: VarDecl • VarDeclRestList

    COMMA  偏移，并进入状态 101

    $default  使用规则 71 以归约 (VarDeclRestList)

    VarDeclRestList  转到状态 102
    VarDeclRest      转到状态 103


状态 68

   79 ParamDecl: VarDeclList •

    $default  使用规则 79 以归约 (ParamDecl)


状态 69

   80 FnDecl: FN ID LP ParamDecl • RP
   81       | FN ID LP ParamDecl • RP ARROW Type

    RP  偏移，并进入状态 104


状态 70

   53 FnCall: ID LP • RightValList RP

    ID    偏移，并进入状态 54
    UNUM  偏移，并进入状态 51
    SUB   偏移，并进入状态 52
    LP    偏移，并进入状态 55

    $default  使用规则 49 以归约 (RightValList)

    ArithExpr     转到状态 56
    NUM           转到状态 57
    ArrayExpr     转到状态 58
    ExprUnit      转到状态 59
    LeftVal       转到状态 60
    RightVal      转到状态 105
    RightValList  转到状态 106
    FnCall        转到状态 62


状态 71

   35 BoolUnit_: LP • ExprUnit LT ExprUnit RP
   36          | LP • ExprUnit LE ExprUnit RP
   37          | LP • ExprUnit GT ExprUnit RP
   38          | LP • ExprUnit GE ExprUnit RP
   39          | LP • ExprUnit EQ ExprUnit RP
   40          | LP • ExprUnit NE ExprUnit RP
   41          | LP • BoolExpr RP
   42          | LP • NOT BoolUnit RP

    ID    偏移，并进入状态 54
    UNUM  偏移，并进入状态 51
    SUB   偏移，并进入状态 52
    NOT   偏移，并进入状态 107
    LP    偏移，并进入状态 108

    NUM        转到状态 57
    ArrayExpr  转到状态 58
    ExprUnit   转到状态 109
    BoolExpr   转到状态 110
    BoolUnit   转到状态 111
    LeftVal    转到状态 60
    FnCall     转到状态 62


状态 72

   99 IfStmt: IF BoolUnit_ • CodeBlock
  100       | IF BoolUnit_ • CodeBlock ELSE CodeBlock

    LB  偏移，并进入状态 21

    CodeBlock  转到状态 112


状态 73

  101 WhileStmt: WHILE BoolUnit_ • CodeBlock

    LB  偏移，并进入状态 21

    CodeBlock  转到状态 113


状态 74

   92 CodeBlockStmt: CONTINUE SEMICOLON •

    $default  使用规则 92 以归约 (CodeBlockStmt)


状态 75

   93 CodeBlockStmt: BREAK SEMICOLON •

    $default  使用规则 93 以归约 (CodeBlockStmt)


状态 76

   84 ReturnStmt: RETURN SEMICOLON •

    $default  使用规则 84 以归约 (ReturnStmt)


状态 77

   83 ReturnStmt: RETURN RightVal • SEMICOLON

    SEMICOLON  偏移，并进入状态 114


状态 78

   46 LeftVal: LeftVal DOT • ID

    ID  偏移，并进入状态 115


状态 79

   16 ArrayExpr: LeftVal LSB • ID RSB
   17          | LeftVal LSB • NUM RSB

    ID    偏移，并进入状态 116
    UNUM  偏移，并进入状态 51
    SUB   偏移，并进入状态 52

    NUM  转到状态 117


状态 80

   43 AssignStmt: LeftVal AS • RightVal SEMICOLON

    ID    偏移，并进入状态 54
    UNUM  偏移，并进入状态 51
    SUB   偏移，并进入状态 52
    LP    偏移，并进入状态 55

    ArithExpr  转到状态 56
    NUM        转到状态 57
    ArrayExpr  转到状态 58
    ExprUnit   转到状态 59
    LeftVal    转到状态 60
    RightVal   转到状态 118
    FnCall     转到状态 62


状态 81

   98 CallStmt: FnCall SEMICOLON •

    $default  使用规则 98 以归约 (CallStmt)


状态 82

   95 CodeBlockStmtList: CodeBlockStmt CodeBlockStmtList •

    $default  使用规则 95 以归约 (CodeBlockStmtList)


状态 83

   97 CodeBlock: LB CodeBlockStmtList RB •

    $default  使用规则 97 以归约 (CodeBlock)


状态 84

   62 VarDef: ID COLON Type AS • RightVal

    ID    偏移，并进入状态 54
    UNUM  偏移，并进入状态 51
    SUB   偏移，并进入状态 52
    LP    偏移，并进入状态 55

    ArithExpr  转到状态 56
    NUM        转到状态 57
    ArrayExpr  转到状态 58
    ExprUnit   转到状态 59
    LeftVal    转到状态 60
    RightVal   转到状态 119
    FnCall     转到状态 62


状态 85

   15 NUM: SUB UNUM •

    $default  使用规则 15 以归约 (NUM)


状态 86

   58 VarDecl: ID LSB NUM RSB • COLON Type
   59        | ID LSB NUM RSB •
   64 VarDef: ID LSB NUM RSB • COLON Type AS LB RightValList RB
   65       | ID LSB NUM RSB • AS LB RightValList RB

    COLON  偏移，并进入状态 120
    AS     偏移，并进入状态 121

    $default  使用规则 59 以归约 (VarDecl)


状态 87

    9 ArithExpr: ArithExpr • ADD ArithExpr
   10          | ArithExpr • SUB ArithExpr
   11          | ArithExpr • MUL ArithExpr
   12          | ArithExpr • DIV ArithExpr
   20 ExprUnit: LP ArithExpr • RP

    ADD  偏移，并进入状态 88
    SUB  偏移，并进入状态 89
    MUL  偏移，并进入状态 90
    DIV  偏移，并进入状态 91
    RP   偏移，并进入状态 122


状态 88

    9 ArithExpr: ArithExpr ADD • ArithExpr

    ID    偏移，并进入状态 54
    UNUM  偏移，并进入状态 51
    SUB   偏移，并进入状态 52
    LP    偏移，并进入状态 55

    ArithExpr  转到状态 123
    NUM        转到状态 57
    ArrayExpr  转到状态 58
    ExprUnit   转到状态 59
    LeftVal    转到状态 60
    FnCall     转到状态 62


状态 89

   10 ArithExpr: ArithExpr SUB • ArithExpr

    ID    偏移，并进入状态 54
    UNUM  偏移，并进入状态 51
    SUB   偏移，并进入状态 52
    LP    偏移，并进入状态 55

    ArithExpr  转到状态 124
    NUM        转到状态 57
    ArrayExpr  转到状态 58
    ExprUnit   转到状态 59
    LeftVal    转到状态 60
    FnCall     转到状态 62


状态 90

   11 ArithExpr: ArithExpr MUL • ArithExpr

    ID    偏移，并进入状态 54
    UNUM  偏移，并进入状态 51
    SUB   偏移，并进入状态 52
    LP    偏移，并进入状态 55

    ArithExpr  转到状态 125
    NUM        转到状态 57
    ArrayExpr  转到状态 58
    ExprUnit   转到状态 59
    LeftVal    转到状态 60
    FnCall     转到状态 62


状态 91

   12 ArithExpr: ArithExpr DIV • ArithExpr

    ID    偏移，并进入状态 54
    UNUM  偏移，并进入状态 51
    SUB   偏移，并进入状态 52
    LP    偏移，并进入状态 55

    ArithExpr  转到状态 126
    NUM        转到状态 57
    ArrayExpr  转到状态 58
    ExprUnit   转到状态 59
    LeftVal    转到状态 60
    FnCall     转到状态 62


状态 92

   23 ExprUnit: LeftVal DOT • ID
   46 LeftVal: LeftVal DOT • ID

    ID  偏移，并进入状态 127


状态 93

   60 FieldDecl: ID COLON • Type

    ID   偏移，并进入状态 48
    INT  偏移，并进入状态 49

    Type  转到状态 128


状态 94

   61 FieldDecl: ID LSB • NUM RSB COLON Type

    UNUM  偏移，并进入状态 51
    SUB   偏移，并进入状态 52

    NUM  转到状态 129


状态 95

   77 FieldDeclRest: COMMA • FieldDecl

    ID  偏移，并进入状态 63

    FieldDecl  转到状态 130


状态 96

   73 FieldDeclList: FieldDecl FieldDeclRestList •

    $default  使用规则 73 以归约 (FieldDeclList)


状态 97

   75 FieldDeclRestList: FieldDeclRest • FieldDeclRestList

    COMMA  偏移，并进入状态 95

    $default  使用规则 76 以归约 (FieldDeclRestList)

    FieldDeclRestList  转到状态 131
    FieldDeclRest      转到状态 97


状态 98

   78 StructDef: STRUCT ID LB FieldDeclList RB •

    $default  使用规则 78 以归约 (StructDef)


状态 99

   56 VarDecl: ID COLON • Type

    ID   偏移，并进入状态 48
    INT  偏移，并进入状态 49

    Type  转到状态 132


状态 100

   58 VarDecl: ID LSB • NUM RSB COLON Type
   59        | ID LSB • NUM RSB

    UNUM  偏移，并进入状态 51
    SUB   偏移，并进入状态 52

    NUM  转到状态 133


状态 101

   72 VarDeclRest: COMMA • VarDecl

    ID  偏移，并进入状态 66

    VarDecl  转到状态 134


状态 102

   68 VarDeclList: VarDecl VarDeclRestList •

    $default  使用规则 68 以归约 (VarDeclList)


状态 103

   70 VarDeclRestList: VarDeclRest • VarDeclRestList

    COMMA  偏移，并进入状态 101

    $default  使用规则 71 以归约 (VarDeclRestList)

    VarDeclRestList  转到状态 135
    VarDeclRest      转到状态 103


状态 104

   80 FnDecl: FN ID LP ParamDecl RP •
   81       | FN ID LP ParamDecl RP • ARROW Type

    ARROW  偏移，并进入状态 136

    $default  使用规则 80 以归约 (FnDecl)


状态 105

   48 RightValList: RightVal • RightValRestList

    COMMA  偏移，并进入状态 137

    $default  使用规则 51 以归约 (RightValRestList)

    RightValRestList  转到状态 138
    RightValRest      转到状态 139


状态 106

   53 FnCall: ID LP RightValList • RP

    RP  偏移，并进入状态 140


状态 107

   34 BoolUnit: NOT • BoolUnit
   42 BoolUnit_: LP NOT • BoolUnit RP

    NOT  偏移，并进入状态 141
    LP   偏移，并进入状态 142

    BoolUnit  转到状态 143


状态 108

   20 ExprUnit: LP • ArithExpr RP
   27 BoolUnit: LP • ExprUnit LT ExprUnit RP
   28         | LP • ExprUnit LE ExprUnit RP
   29         | LP • ExprUnit GT ExprUnit RP
   30         | LP • ExprUnit GE ExprUnit RP
   31         | LP • ExprUnit EQ ExprUnit RP
   32         | LP • ExprUnit NE ExprUnit RP
   33         | LP • BoolExpr RP

    ID    偏移，并进入状态 54
    UNUM  偏移，并进入状态 51
    SUB   偏移，并进入状态 52
    NOT   偏移，并进入状态 141
    LP    偏移，并进入状态 108

    ArithExpr  转到状态 87
    NUM        转到状态 57
    ArrayExpr  转到状态 58
    ExprUnit   转到状态 144
    BoolExpr   转到状态 145
    BoolUnit   转到状态 111
    LeftVal    转到状态 60
    FnCall     转到状态 62


状态 109

   35 BoolUnit_: LP ExprUnit • LT ExprUnit RP
   36          | LP ExprUnit • LE ExprUnit RP
   37          | LP ExprUnit • GT ExprUnit RP
   38          | LP ExprUnit • GE ExprUnit RP
   39          | LP ExprUnit • EQ ExprUnit RP
   40          | LP ExprUnit • NE ExprUnit RP

    LT  偏移，并进入状态 146
    LE  偏移，并进入状态 147
    GT  偏移，并进入状态 148
    GE  偏移，并进入状态 149
    EQ  偏移，并进入状态 150
    NE  偏移，并进入状态 151


状态 110

   24 BoolExpr: BoolExpr • AND BoolExpr
   25         | BoolExpr • OR BoolExpr
   41 BoolUnit_: LP BoolExpr • RP

    OR   偏移，并进入状态 152
    AND  偏移，并进入状态 153
    RP   偏移，并进入状态 154


状态 111

   26 BoolExpr: BoolUnit •

    $default  使用规则 26 以归约 (BoolExpr)


状态 112

   99 IfStmt: IF BoolUnit_ CodeBlock •
  100       | IF BoolUnit_ CodeBlock • ELSE CodeBlock

    ELSE  偏移，并进入状态 155

    $default  使用规则 99 以归约 (IfStmt)


状态 113

  101 WhileStmt: WHILE BoolUnit_ CodeBlock •

    $default  使用规则 101 以归约 (WhileStmt)


状态 114

   83 ReturnStmt: RETURN RightVal SEMICOLON •

    $default  使用规则 83 以归约 (ReturnStmt)


状态 115

   46 LeftVal: LeftVal DOT ID •

    $default  使用规则 46 以归约 (LeftVal)


状态 116

   16 ArrayExpr: LeftVal LSB ID • RSB

    RSB  偏移，并进入状态 156


状态 117

   17 ArrayExpr: LeftVal LSB NUM • RSB

    RSB  偏移，并进入状态 157


状态 118

   43 AssignStmt: LeftVal AS RightVal • SEMICOLON

    SEMICOLON  偏移，并进入状态 158


状态 119

   62 VarDef: ID COLON Type AS RightVal •

    $default  使用规则 62 以归约 (VarDef)


状态 120

   58 VarDecl: ID LSB NUM RSB COLON • Type
   64 VarDef: ID LSB NUM RSB COLON • Type AS LB RightValList RB

    ID   偏移，并进入状态 48
    INT  偏移，并进入状态 49

    Type  转到状态 159


状态 121

   65 VarDef: ID LSB NUM RSB AS • LB RightValList RB

    LB  偏移，并进入状态 160


状态 122

   20 ExprUnit: LP ArithExpr RP •

    $default  使用规则 20 以归约 (ExprUnit)


状态 123

    9 ArithExpr: ArithExpr • ADD ArithExpr
    9          | ArithExpr ADD ArithExpr •
   10          | ArithExpr • SUB ArithExpr
   11          | ArithExpr • MUL ArithExpr
   12          | ArithExpr • DIV ArithExpr

    MUL  偏移，并进入状态 90
    DIV  偏移，并进入状态 91

    $default  使用规则 9 以归约 (ArithExpr)


状态 124

    9 ArithExpr: ArithExpr • ADD ArithExpr
   10          | ArithExpr • SUB ArithExpr
   10          | ArithExpr SUB ArithExpr •
   11          | ArithExpr • MUL ArithExpr
   12          | ArithExpr • DIV ArithExpr

    MUL  偏移，并进入状态 90
    DIV  偏移，并进入状态 91

    $default  使用规则 10 以归约 (ArithExpr)


状态 125

    9 ArithExpr: ArithExpr • ADD ArithExpr
   10          | ArithExpr • SUB ArithExpr
   11          | ArithExpr • MUL ArithExpr
   11          | ArithExpr MUL ArithExpr •
   12          | ArithExpr • DIV ArithExpr

    $default  使用规则 11 以归约 (ArithExpr)


状态 126

    9 ArithExpr: ArithExpr • ADD ArithExpr
   10          | ArithExpr • SUB ArithExpr
   11          | ArithExpr • MUL ArithExpr
   12          | ArithExpr • DIV ArithExpr
   12          | ArithExpr DIV ArithExpr •

    $default  使用规则 12 以归约 (ArithExpr)


状态 127

   23 ExprUnit: LeftVal DOT ID •
   46 LeftVal: LeftVal DOT ID •

    DOT       使用规则 46 以归约 (LeftVal)
    LSB       使用规则 46 以归约 (LeftVal)
    $default  使用规则 23 以归约 (ExprUnit)


状态 128

   60 FieldDecl: ID COLON Type •

    $default  使用规则 60 以归约 (FieldDecl)


状态 129

   61 FieldDecl: ID LSB NUM • RSB COLON Type

    RSB  偏移，并进入状态 161


状态 130

   77 FieldDeclRest: COMMA FieldDecl •

    $default  使用规则 77 以归约 (FieldDeclRest)


状态 131

   75 FieldDeclRestList: FieldDeclRest FieldDeclRestList •

    $default  使用规则 75 以归约 (FieldDeclRestList)


状态 132

   56 VarDecl: ID COLON Type •

    $default  使用规则 56 以归约 (VarDecl)


状态 133

   58 VarDecl: ID LSB NUM • RSB COLON Type
   59        | ID LSB NUM • RSB

    RSB  偏移，并进入状态 162


状态 134

   72 VarDeclRest: COMMA VarDecl •

    $default  使用规则 72 以归约 (VarDeclRest)


状态 135

   70 VarDeclRestList: VarDeclRest VarDeclRestList •

    $default  使用规则 70 以归约 (VarDeclRestList)


状态 136

   81 FnDecl: FN ID LP ParamDecl RP ARROW • Type

    ID   偏移，并进入状态 48
    INT  偏移，并进入状态 49

    Type  转到状态 163


状态 137

   52 RightValRest: COMMA • RightVal

    ID    偏移，并进入状态 54
    UNUM  偏移，并进入状态 51
    SUB   偏移，并进入状态 52
    LP    偏移，并进入状态 55

    ArithExpr  转到状态 56
    NUM        转到状态 57
    ArrayExpr  转到状态 58
    ExprUnit   转到状态 59
    LeftVal    转到状态 60
    RightVal   转到状态 164
    FnCall     转到状态 62


状态 138

   48 RightValList: RightVal RightValRestList •

    $default  使用规则 48 以归约 (RightValList)


状态 139

   50 RightValRestList: RightValRest • RightValRestList

    COMMA  偏移，并进入状态 137

    $default  使用规则 51 以归约 (RightValRestList)

    RightValRestList  转到状态 165
    RightValRest      转到状态 139


状态 140

   53 FnCall: ID LP RightValList RP •

    $default  使用规则 53 以归约 (FnCall)


状态 141

   34 BoolUnit: NOT • BoolUnit

    NOT  偏移，并进入状态 141
    LP   偏移，并进入状态 142

    BoolUnit  转到状态 166


状态 142

   27 BoolUnit: LP • ExprUnit LT ExprUnit RP
   28         | LP • ExprUnit LE ExprUnit RP
   29         | LP • ExprUnit GT ExprUnit RP
   30         | LP • ExprUnit GE ExprUnit RP
   31         | LP • ExprUnit EQ ExprUnit RP
   32         | LP • ExprUnit NE ExprUnit RP
   33         | LP • BoolExpr RP

    ID    偏移，并进入状态 54
    UNUM  偏移，并进入状态 51
    SUB   偏移，并进入状态 52
    NOT   偏移，并进入状态 141
    LP    偏移，并进入状态 108

    NUM        转到状态 57
    ArrayExpr  转到状态 58
    ExprUnit   转到状态 167
    BoolExpr   转到状态 145
    BoolUnit   转到状态 111
    LeftVal    转到状态 60
    FnCall     转到状态 62


状态 143

   34 BoolUnit: NOT BoolUnit •
   42 BoolUnit_: LP NOT BoolUnit • RP

    RP  偏移，并进入状态 168

    $default  使用规则 34 以归约 (BoolUnit)


状态 144

   13 ArithExpr: ExprUnit •
   27 BoolUnit: LP ExprUnit • LT ExprUnit RP
   28         | LP ExprUnit • LE ExprUnit RP
   29         | LP ExprUnit • GT ExprUnit RP
   30         | LP ExprUnit • GE ExprUnit RP
   31         | LP ExprUnit • EQ ExprUnit RP
   32         | LP ExprUnit • NE ExprUnit RP

    LT  偏移，并进入状态 169
    LE  偏移，并进入状态 170
    GT  偏移，并进入状态 171
    GE  偏移，并进入状态 172
    EQ  偏移，并进入状态 173
    NE  偏移，并进入状态 174

    $default  使用规则 13 以归约 (ArithExpr)


状态 145

   24 BoolExpr: BoolExpr • AND BoolExpr
   25         | BoolExpr • OR BoolExpr
   33 BoolUnit: LP BoolExpr • RP

    OR   偏移，并进入状态 152
    AND  偏移，并进入状态 153
    RP   偏移，并进入状态 175


状态 146

   35 BoolUnit_: LP ExprUnit LT • ExprUnit RP

    ID    偏移，并进入状态 54
    UNUM  偏移，并进入状态 51
    SUB   偏移，并进入状态 52
    LP    偏移，并进入状态 55

    NUM        转到状态 57
    ArrayExpr  转到状态 58
    ExprUnit   转到状态 176
    LeftVal    转到状态 60
    FnCall     转到状态 62


状态 147

   36 BoolUnit_: LP ExprUnit LE • ExprUnit RP

    ID    偏移，并进入状态 54
    UNUM  偏移，并进入状态 51
    SUB   偏移，并进入状态 52
    LP    偏移，并进入状态 55

    NUM        转到状态 57
    ArrayExpr  转到状态 58
    ExprUnit   转到状态 177
    LeftVal    转到状态 60
    FnCall     转到状态 62


状态 148

   37 BoolUnit_: LP ExprUnit GT • ExprUnit RP

    ID    偏移，并进入状态 54
    UNUM  偏移，并进入状态 51
    SUB   偏移，并进入状态 52
    LP    偏移，并进入状态 55

    NUM        转到状态 57
    ArrayExpr  转到状态 58
    ExprUnit   转到状态 178
    LeftVal    转到状态 60
    FnCall     转到状态 62


状态 149

   38 BoolUnit_: LP ExprUnit GE • ExprUnit RP

    ID    偏移，并进入状态 54
    UNUM  偏移，并进入状态 51
    SUB   偏移，并进入状态 52
    LP    偏移，并进入状态 55

    NUM        转到状态 57
    ArrayExpr  转到状态 58
    ExprUnit   转到状态 179
    LeftVal    转到状态 60
    FnCall     转到状态 62


状态 150

   39 BoolUnit_: LP ExprUnit EQ • ExprUnit RP

    ID    偏移，并进入状态 54
    UNUM  偏移，并进入状态 51
    SUB   偏移，并进入状态 52
    LP    偏移，并进入状态 55

    NUM        转到状态 57
    ArrayExpr  转到状态 58
    ExprUnit   转到状态 180
    LeftVal    转到状态 60
    FnCall     转到状态 62


状态 151

   40 BoolUnit_: LP ExprUnit NE • ExprUnit RP

    ID    偏移，并进入状态 54
    UNUM  偏移，并进入状态 51
    SUB   偏移，并进入状态 52
    LP    偏移，并进入状态 55

    NUM        转到状态 57
    ArrayExpr  转到状态 58
    ExprUnit   转到状态 181
    LeftVal    转到状态 60
    FnCall     转到状态 62


状态 152

   25 BoolExpr: BoolExpr OR • BoolExpr

    NOT  偏移，并进入状态 141
    LP   偏移，并进入状态 142

    BoolExpr  转到状态 182
    BoolUnit  转到状态 111


状态 153

   24 BoolExpr: BoolExpr AND • BoolExpr

    NOT  偏移，并进入状态 141
    LP   偏移，并进入状态 142

    BoolExpr  转到状态 183
    BoolUnit  转到状态 111


状态 154

   41 BoolUnit_: LP BoolExpr RP •

    $default  使用规则 41 以归约 (BoolUnit_)


状态 155

  100 IfStmt: IF BoolUnit_ CodeBlock ELSE • CodeBlock

    LB  偏移，并进入状态 21

    CodeBlock  转到状态 184


状态 156

   16 ArrayExpr: LeftVal LSB ID RSB •

    $default  使用规则 16 以归约 (ArrayExpr)


状态 157

   17 ArrayExpr: LeftVal LSB NUM RSB •

    $default  使用规则 17 以归约 (ArrayExpr)


状态 158

   43 AssignStmt: LeftVal AS RightVal SEMICOLON •

    $default  使用规则 43 以归约 (AssignStmt)


状态 159

   58 VarDecl: ID LSB NUM RSB COLON Type •
   64 VarDef: ID LSB NUM RSB COLON Type • AS LB RightValList RB

    AS  偏移，并进入状态 185

    $default  使用规则 58 以归约 (VarDecl)


状态 160

   65 VarDef: ID LSB NUM RSB AS LB • RightValList RB

    ID    偏移，并进入状态 54
    UNUM  偏移，并进入状态 51
    SUB   偏移，并进入状态 52
    LP    偏移，并进入状态 55

    $default  使用规则 49 以归约 (RightValList)

    ArithExpr     转到状态 56
    NUM           转到状态 57
    ArrayExpr     转到状态 58
    ExprUnit      转到状态 59
    LeftVal       转到状态 60
    RightVal      转到状态 105
    RightValList  转到状态 186
    FnCall        转到状态 62


状态 161

   61 FieldDecl: ID LSB NUM RSB • COLON Type

    COLON  偏移，并进入状态 187


状态 162

   58 VarDecl: ID LSB NUM RSB • COLON Type
   59        | ID LSB NUM RSB •

    COLON  偏移，并进入状态 188

    $default  使用规则 59 以归约 (VarDecl)


状态 163

   81 FnDecl: FN ID LP ParamDecl RP ARROW Type •

    $default  使用规则 81 以归约 (FnDecl)


状态 164

   52 RightValRest: COMMA RightVal •

    $default  使用规则 52 以归约 (RightValRest)


状态 165

   50 RightValRestList: RightValRest RightValRestList •

    $default  使用规则 50 以归约 (RightValRestList)


状态 166

   34 BoolUnit: NOT BoolUnit •

    $default  使用规则 34 以归约 (BoolUnit)


状态 167

   27 BoolUnit: LP ExprUnit • LT ExprUnit RP
   28         | LP ExprUnit • LE ExprUnit RP
   29         | LP ExprUnit • GT ExprUnit RP
   30         | LP ExprUnit • GE ExprUnit RP
   31         | LP ExprUnit • EQ ExprUnit RP
   32         | LP ExprUnit • NE ExprUnit RP

    LT  偏移，并进入状态 169
    LE  偏移，并进入状态 170
    GT  偏移，并进入状态 171
    GE  偏移，并进入状态 172
    EQ  偏移，并进入状态 173
    NE  偏移，并进入状态 174


状态 168

   42 BoolUnit_: LP NOT BoolUnit RP •

    $default  使用规则 42 以归约 (BoolUnit_)


状态 169

   27 BoolUnit: LP ExprUnit LT • ExprUnit RP

    ID    偏移，并进入状态 54
    UNUM  偏移，并进入状态 51
    SUB   偏移，并进入状态 52
    LP    偏移，并进入状态 55

    NUM        转到状态 57
    ArrayExpr  转到状态 58
    ExprUnit   转到状态 189
    LeftVal    转到状态 60
    FnCall     转到状态 62


状态 170

   28 BoolUnit: LP ExprUnit LE • ExprUnit RP

    ID    偏移，并进入状态 54
    UNUM  偏移，并进入状态 51
    SUB   偏移，并进入状态 52
    LP    偏移，并进入状态 55

    NUM        转到状态 57
    ArrayExpr  转到状态 58
    ExprUnit   转到状态 190
    LeftVal    转到状态 60
    FnCall     转到状态 62


状态 171

   29 BoolUnit: LP ExprUnit GT • ExprUnit RP

    ID    偏移，并进入状态 54
    UNUM  偏移，并进入状态 51
    SUB   偏移，并进入状态 52
    LP    偏移，并进入状态 55

    NUM        转到状态 57
    ArrayExpr  转到状态 58
    ExprUnit   转到状态 191
    LeftVal    转到状态 60
    FnCall     转到状态 62


状态 172

   30 BoolUnit: LP ExprUnit GE • ExprUnit RP

    ID    偏移，并进入状态 54
    UNUM  偏移，并进入状态 51
    SUB   偏移，并进入状态 52
    LP    偏移，并进入状态 55

    NUM        转到状态 57
    ArrayExpr  转到状态 58
    ExprUnit   转到状态 192
    LeftVal    转到状态 60
    FnCall     转到状态 62


状态 173

   31 BoolUnit: LP ExprUnit EQ • ExprUnit RP

    ID    偏移，并进入状态 54
    UNUM  偏移，并进入状态 51
    SUB   偏移，并进入状态 52
    LP    偏移，并进入状态 55

    NUM        转到状态 57
    ArrayExpr  转到状态 58
    ExprUnit   转到状态 193
    LeftVal    转到状态 60
    FnCall     转到状态 62


状态 174

   32 BoolUnit: LP ExprUnit NE • ExprUnit RP

    ID    偏移，并进入状态 54
    UNUM  偏移，并进入状态 51
    SUB   偏移，并进入状态 52
    LP    偏移，并进入状态 55

    NUM        转到状态 57
    ArrayExpr  转到状态 58
    ExprUnit   转到状态 194
    LeftVal    转到状态 60
    FnCall     转到状态 62


状态 175

   33 BoolUnit: LP BoolExpr RP •

    $default  使用规则 33 以归约 (BoolUnit)


状态 176

   35 BoolUnit_: LP ExprUnit LT ExprUnit • RP

    RP  偏移，并进入状态 195


状态 177

   36 BoolUnit_: LP ExprUnit LE ExprUnit • RP

    RP  偏移，并进入状态 196


状态 178

   37 BoolUnit_: LP ExprUnit GT ExprUnit • RP

    RP  偏移，并进入状态 197


状态 179

   38 BoolUnit_: LP ExprUnit GE ExprUnit • RP

    RP  偏移，并进入状态 198


状态 180

   39 BoolUnit_: LP ExprUnit EQ ExprUnit • RP

    RP  偏移，并进入状态 199


状态 181

   40 BoolUnit_: LP ExprUnit NE ExprUnit • RP

    RP  偏移，并进入状态 200


状态 182

   24 BoolExpr: BoolExpr • AND BoolExpr
   25         | BoolExpr • OR BoolExpr
   25         | BoolExpr OR BoolExpr •

    AND  偏移，并进入状态 153

    $default  使用规则 25 以归约 (BoolExpr)


状态 183

   24 BoolExpr: BoolExpr • AND BoolExpr
   24         | BoolExpr AND BoolExpr •
   25         | BoolExpr • OR BoolExpr

    $default  使用规则 24 以归约 (BoolExpr)


状态 184

  100 IfStmt: IF BoolUnit_ CodeBlock ELSE CodeBlock •

    $default  使用规则 100 以归约 (IfStmt)


状态 185

   64 VarDef: ID LSB NUM RSB COLON Type AS • LB RightValList RB

    LB  偏移，并进入状态 201


状态 186

   65 VarDef: ID LSB NUM RSB AS LB RightValList • RB

    RB  偏移，并进入状态 202


状态 187

   61 FieldDecl: ID LSB NUM RSB COLON • Type

    ID   偏移，并进入状态 48
    INT  偏移，并进入状态 49

    Type  转到状态 203


状态 188

   58 VarDecl: ID LSB NUM RSB COLON • Type

    ID   偏移，并进入状态 48
    INT  偏移，并进入状态 49

    Type  转到状态 204


状态 189

   27 BoolUnit: LP ExprUnit LT ExprUnit • RP

    RP  偏移，并进入状态 205


状态 190

   28 BoolUnit: LP ExprUnit LE ExprUnit • RP

    RP  偏移，并进入状态 206


状态 191

   29 BoolUnit: LP ExprUnit GT ExprUnit • RP

    RP  偏移，并进入状态 207


状态 192

   30 BoolUnit: LP ExprUnit GE ExprUnit • RP

    RP  偏移，并进入状态 208


状态 193

   31 BoolUnit: LP ExprUnit EQ ExprUnit • RP

    RP  偏移，并进入状态 209


状态 194

   32 BoolUnit: LP ExprUnit NE ExprUnit • RP

    RP  偏移，并进入状态 210


状态 195

   35 BoolUnit_: LP ExprUnit LT ExprUnit RP •

    $default  使用规则 35 以归约 (BoolUnit_)


状态 196

   36 BoolUnit_: LP ExprUnit LE ExprUnit RP •

    $default  使用规则 36 以归约 (BoolUnit_)


状态 197

   37 BoolUnit_: LP ExprUnit GT ExprUnit RP •

    $default  使用规则 37 以归约 (BoolUnit_)


状态 198

   38 BoolUnit_: LP ExprUnit GE ExprUnit RP •

    $default  使用规则 38 以归约 (BoolUnit_)


状态 199

   39 BoolUnit_: LP ExprUnit EQ ExprUnit RP •

    $default  使用规则 39 以归约 (BoolUnit_)


状态 200

   40 BoolUnit_: LP ExprUnit NE ExprUnit RP •

    $default  使用规则 40 以归约 (BoolUnit_)


状态 201

   64 VarDef: ID LSB NUM RSB COLON Type AS LB • RightValList RB

    ID    偏移，并进入状态 54
    UNUM  偏移，并进入状态 51
    SUB   偏移，并进入状态 52
    LP    偏移，并进入状态 55

    $default  使用规则 49 以归约 (RightValList)

    ArithExpr     转到状态 56
    NUM           转到状态 57
    ArrayExpr     转到状态 58
    ExprUnit      转到状态 59
    LeftVal       转到状态 60
    RightVal      转到状态 105
    RightValList  转到状态 211
    FnCall        转到状态 62


状态 202

   65 VarDef: ID LSB NUM RSB AS LB RightValList RB •

    $default  使用规则 65 以归约 (VarDef)


状态 203

   61 FieldDecl: ID LSB NUM RSB COLON Type •

    $default  使用规则 61 以归约 (FieldDecl)


状态 204

   58 VarDecl: ID LSB NUM RSB COLON Type •

    $default  使用规则 58 以归约 (VarDecl)


状态 205

   27 BoolUnit: LP ExprUnit LT ExprUnit RP •

    $default  使用规则 27 以归约 (BoolUnit)


状态 206

   28 BoolUnit: LP ExprUnit LE ExprUnit RP •

    $default  使用规则 28 以归约 (BoolUnit)


状态 207

   29 BoolUnit: LP ExprUnit GT ExprUnit RP •

    $default  使用规则 29 以归约 (BoolUnit)


状态 208

   30 BoolUnit: LP ExprUnit GE ExprUnit RP •

    $default  使用规则 30 以归约 (BoolUnit)


状态 209

   31 BoolUnit: LP ExprUnit EQ ExprUnit RP •

    $default  使用规则 31 以归约 (BoolUnit)


状态 210

   32 BoolUnit: LP ExprUnit NE ExprUnit RP •

    $default  使用规则 32 以归约 (BoolUnit)


状态 211

   64 VarDef: ID LSB NUM RSB COLON Type AS LB RightValList • RB

    RB  偏移，并进入状态 212


状态 212

   64 VarDef: ID LSB NUM RSB COLON Type AS LB RightValList RB •

    $default  使用规则 64 以归约 (VarDef)
